\BOOKMARK [0][-]{chapter.1}{\376\377\0001\000\040\000H\000i\000e\000r\000a\000r\000c\000h\000i\000c\000a\000l\000\040\000I\000n\000d\000e\000x}{}% 1
\BOOKMARK [1][-]{section.1.1}{\376\377\0001\000.\0001\000\040\000C\000l\000a\000s\000s\000\040\000H\000i\000e\000r\000a\000r\000c\000h\000y}{chapter.1}% 2
\BOOKMARK [0][-]{chapter.2}{\376\377\0002\000\040\000C\000l\000a\000s\000s\000\040\000I\000n\000d\000e\000x}{}% 3
\BOOKMARK [1][-]{section.2.1}{\376\377\0002\000.\0001\000\040\000C\000l\000a\000s\000s\000\040\000L\000i\000s\000t}{chapter.2}% 4
\BOOKMARK [0][-]{chapter.3}{\376\377\0003\000\040\000F\000i\000l\000e\000\040\000I\000n\000d\000e\000x}{}% 5
\BOOKMARK [1][-]{section.3.1}{\376\377\0003\000.\0001\000\040\000F\000i\000l\000e\000\040\000L\000i\000s\000t}{chapter.3}% 6
\BOOKMARK [0][-]{chapter.4}{\376\377\0004\000\040\000C\000l\000a\000s\000s\000\040\000D\000o\000c\000u\000m\000e\000n\000t\000a\000t\000i\000o\000n}{}% 7
\BOOKMARK [1][-]{section.4.1}{\376\377\0004\000.\0001\000\040\000B\000e\000e\000r\000\040\000C\000l\000a\000s\000s\000\040\000R\000e\000f\000e\000r\000e\000n\000c\000e}{chapter.4}% 8
\BOOKMARK [2][-]{subsection.4.1.1}{\376\377\0004\000.\0001\000.\0001\000\040\000C\000o\000n\000s\000t\000r\000u\000c\000t\000o\000r\000\040\000\046\000\040\000D\000e\000s\000t\000r\000u\000c\000t\000o\000r\000\040\000D\000o\000c\000u\000m\000e\000n\000t\000a\000t\000i\000o\000n}{section.4.1}% 9
\BOOKMARK [3][-]{subsubsection.4.1.1.1}{\376\377\0004\000.\0001\000.\0001\000.\0001\000\040\000B\000e\000e\000r\000\050\000\051}{subsection.4.1.1}% 10
\BOOKMARK [3][-]{subsubsection.4.1.1.2}{\376\377\0004\000.\0001\000.\0001\000.\0002\000\040\000\040\000B\000e\000e\000r\000\050\000\051}{subsection.4.1.1}% 11
\BOOKMARK [1][-]{section.4.2}{\376\377\0004\000.\0002\000\040\000B\000e\000e\000r\000B\000u\000i\000l\000d\000e\000r\000\040\000C\000l\000a\000s\000s\000\040\000R\000e\000f\000e\000r\000e\000n\000c\000e}{chapter.4}% 12
\BOOKMARK [1][-]{section.4.3}{\376\377\0004\000.\0003\000\040\000B\000u\000r\000g\000e\000r\000\040\000C\000l\000a\000s\000s\000\040\000R\000e\000f\000e\000r\000e\000n\000c\000e}{chapter.4}% 13
\BOOKMARK [2][-]{subsection.4.3.1}{\376\377\0004\000.\0003\000.\0001\000\040\000C\000o\000n\000s\000t\000r\000u\000c\000t\000o\000r\000\040\000\046\000\040\000D\000e\000s\000t\000r\000u\000c\000t\000o\000r\000\040\000D\000o\000c\000u\000m\000e\000n\000t\000a\000t\000i\000o\000n}{section.4.3}% 14
\BOOKMARK [3][-]{subsubsection.4.3.1.1}{\376\377\0004\000.\0003\000.\0001\000.\0001\000\040\000B\000u\000r\000g\000e\000r\000\050\000\051}{subsection.4.3.1}% 15
\BOOKMARK [3][-]{subsubsection.4.3.1.2}{\376\377\0004\000.\0003\000.\0001\000.\0002\000\040\000\040\000B\000u\000r\000g\000e\000r\000\050\000\051}{subsection.4.3.1}% 16
\BOOKMARK [1][-]{section.4.4}{\376\377\0004\000.\0004\000\040\000B\000u\000r\000g\000e\000r\000B\000u\000i\000l\000d\000e\000r\000\040\000C\000l\000a\000s\000s\000\040\000R\000e\000f\000e\000r\000e\000n\000c\000e}{chapter.4}% 17
\BOOKMARK [1][-]{section.4.5}{\376\377\0004\000.\0005\000\040\000C\000h\000e\000f\000\040\000C\000l\000a\000s\000s\000\040\000R\000e\000f\000e\000r\000e\000n\000c\000e}{chapter.4}% 18
\BOOKMARK [2][-]{subsection.4.5.1}{\376\377\0004\000.\0005\000.\0001\000\040\000C\000o\000n\000s\000t\000r\000u\000c\000t\000o\000r\000\040\000\046\000\040\000D\000e\000s\000t\000r\000u\000c\000t\000o\000r\000\040\000D\000o\000c\000u\000m\000e\000n\000t\000a\000t\000i\000o\000n}{section.4.5}% 19
\BOOKMARK [3][-]{subsubsection.4.5.1.1}{\376\377\0004\000.\0005\000.\0001\000.\0001\000\040\000C\000h\000e\000f\000\050\000\051}{subsection.4.5.1}% 20
\BOOKMARK [3][-]{subsubsection.4.5.1.2}{\376\377\0004\000.\0005\000.\0001\000.\0002\000\040\000\040\000C\000h\000e\000f\000\050\000\051}{subsection.4.5.1}% 21
\BOOKMARK [2][-]{subsection.4.5.2}{\376\377\0004\000.\0005\000.\0002\000\040\000M\000e\000m\000b\000e\000r\000\040\000F\000u\000n\000c\000t\000i\000o\000n\000\040\000D\000o\000c\000u\000m\000e\000n\000t\000a\000t\000i\000o\000n}{section.4.5}% 22
\BOOKMARK [3][-]{subsubsection.4.5.2.1}{\376\377\0004\000.\0005\000.\0002\000.\0001\000\040\000r\000e\000q\000u\000e\000s\000t\000\050\000\051}{subsection.4.5.2}% 23
\BOOKMARK [1][-]{section.4.6}{\376\377\0004\000.\0006\000\040\000C\000h\000i\000p\000s\000\040\000C\000l\000a\000s\000s\000\040\000R\000e\000f\000e\000r\000e\000n\000c\000e}{chapter.4}% 24
\BOOKMARK [2][-]{subsection.4.6.1}{\376\377\0004\000.\0006\000.\0001\000\040\000C\000o\000n\000s\000t\000r\000u\000c\000t\000o\000r\000\040\000\046\000\040\000D\000e\000s\000t\000r\000u\000c\000t\000o\000r\000\040\000D\000o\000c\000u\000m\000e\000n\000t\000a\000t\000i\000o\000n}{section.4.6}% 25
\BOOKMARK [3][-]{subsubsection.4.6.1.1}{\376\377\0004\000.\0006\000.\0001\000.\0001\000\040\000C\000h\000i\000p\000s\000\050\000\051}{subsection.4.6.1}% 26
\BOOKMARK [3][-]{subsubsection.4.6.1.2}{\376\377\0004\000.\0006\000.\0001\000.\0002\000\040\000\040\000C\000h\000i\000p\000s\000\050\000\051}{subsection.4.6.1}% 27
\BOOKMARK [1][-]{section.4.7}{\376\377\0004\000.\0007\000\040\000C\000h\000i\000p\000s\000B\000u\000i\000l\000d\000e\000r\000\040\000C\000l\000a\000s\000s\000\040\000R\000e\000f\000e\000r\000e\000n\000c\000e}{chapter.4}% 28
\BOOKMARK [1][-]{section.4.8}{\376\377\0004\000.\0008\000\040\000C\000o\000m\000p\000l\000e\000x\000O\000r\000d\000e\000r\000\040\000C\000l\000a\000s\000s\000\040\000R\000e\000f\000e\000r\000e\000n\000c\000e}{chapter.4}% 29
\BOOKMARK [2][-]{subsection.4.8.1}{\376\377\0004\000.\0008\000.\0001\000\040\000C\000o\000n\000s\000t\000r\000u\000c\000t\000o\000r\000\040\000\046\000\040\000D\000e\000s\000t\000r\000u\000c\000t\000o\000r\000\040\000D\000o\000c\000u\000m\000e\000n\000t\000a\000t\000i\000o\000n}{section.4.8}% 30
\BOOKMARK [3][-]{subsubsection.4.8.1.1}{\376\377\0004\000.\0008\000.\0001\000.\0001\000\040\000C\000o\000m\000p\000l\000e\000x\000O\000r\000d\000e\000r\000\050\000\051}{subsection.4.8.1}% 31
\BOOKMARK [3][-]{subsubsection.4.8.1.2}{\376\377\0004\000.\0008\000.\0001\000.\0002\000\040\000\040\000C\000o\000m\000p\000l\000e\000x\000O\000r\000d\000e\000r\000\050\000\051}{subsection.4.8.1}% 32
\BOOKMARK [2][-]{subsection.4.8.2}{\376\377\0004\000.\0008\000.\0002\000\040\000M\000e\000m\000b\000e\000r\000\040\000F\000u\000n\000c\000t\000i\000o\000n\000\040\000D\000o\000c\000u\000m\000e\000n\000t\000a\000t\000i\000o\000n}{section.4.8}% 33
\BOOKMARK [3][-]{subsubsection.4.8.2.1}{\376\377\0004\000.\0008\000.\0002\000.\0001\000\040\000a\000d\000d\000T\000o\000O\000r\000d\000e\000r\000\050\000\051}{subsection.4.8.2}% 34
\BOOKMARK [3][-]{subsubsection.4.8.2.2}{\376\377\0004\000.\0008\000.\0002\000.\0002\000\040\000a\000p\000p\000e\000n\000d\000T\000o\000O\000r\000d\000e\000r\000\050\000\051}{subsection.4.8.2}% 35
\BOOKMARK [3][-]{subsubsection.4.8.2.3}{\376\377\0004\000.\0008\000.\0002\000.\0003\000\040\000c\000a\000l\000c\000u\000l\000a\000t\000e\000P\000r\000i\000c\000e\000\050\000\051}{subsection.4.8.2}% 36
\BOOKMARK [1][-]{section.4.9}{\376\377\0004\000.\0009\000\040\000C\000u\000s\000t\000o\000m\000e\000r\000\040\000C\000l\000a\000s\000s\000\040\000R\000e\000f\000e\000r\000e\000n\000c\000e}{chapter.4}% 37
\BOOKMARK [2][-]{subsection.4.9.1}{\376\377\0004\000.\0009\000.\0001\000\040\000C\000o\000n\000s\000t\000r\000u\000c\000t\000o\000r\000\040\000\046\000\040\000D\000e\000s\000t\000r\000u\000c\000t\000o\000r\000\040\000D\000o\000c\000u\000m\000e\000n\000t\000a\000t\000i\000o\000n}{section.4.9}% 38
\BOOKMARK [3][-]{subsubsection.4.9.1.1}{\376\377\0004\000.\0009\000.\0001\000.\0001\000\040\000C\000u\000s\000t\000o\000m\000e\000r\000\050\000\051}{subsection.4.9.1}% 39
\BOOKMARK [3][-]{subsubsection.4.9.1.2}{\376\377\0004\000.\0009\000.\0001\000.\0002\000\040\000\040\000C\000u\000s\000t\000o\000m\000e\000r\000\050\000\051}{subsection.4.9.1}% 40
\BOOKMARK [2][-]{subsection.4.9.2}{\376\377\0004\000.\0009\000.\0002\000\040\000M\000e\000m\000b\000e\000r\000\040\000F\000u\000n\000c\000t\000i\000o\000n\000\040\000D\000o\000c\000u\000m\000e\000n\000t\000a\000t\000i\000o\000n}{section.4.9}% 41
\BOOKMARK [3][-]{subsubsection.4.9.2.1}{\376\377\0004\000.\0009\000.\0002\000.\0001\000\040\000a\000c\000c\000e\000p\000t\000W\000a\000i\000t\000e\000r\000\050\000\051}{subsection.4.9.2}% 42
\BOOKMARK [3][-]{subsubsection.4.9.2.2}{\376\377\0004\000.\0009\000.\0002\000.\0002\000\040\000c\000a\000l\000c\000u\000l\000a\000t\000e\000P\000a\000y\000m\000e\000n\000t\000\050\000\051}{subsection.4.9.2}% 43
\BOOKMARK [3][-]{subsubsection.4.9.2.3}{\376\377\0004\000.\0009\000.\0002\000.\0003\000\040\000c\000h\000a\000n\000g\000e\000R\000a\000t\000i\000n\000g\000\050\000\051}{subsection.4.9.2}% 44
\BOOKMARK [3][-]{subsubsection.4.9.2.4}{\376\377\0004\000.\0009\000.\0002\000.\0004\000\040\000g\000e\000t\000O\000r\000d\000e\000r\000\050\000\051}{subsection.4.9.2}% 45
\BOOKMARK [3][-]{subsubsection.4.9.2.5}{\376\377\0004\000.\0009\000.\0002\000.\0005\000\040\000g\000e\000t\000O\000r\000d\000e\000r\000R\000e\000q\000u\000e\000s\000t\000\050\000\051}{subsection.4.9.2}% 46
\BOOKMARK [3][-]{subsubsection.4.9.2.6}{\376\377\0004\000.\0009\000.\0002\000.\0006\000\040\000g\000e\000t\000T\000a\000b\000l\000e\000\050\000\051}{subsection.4.9.2}% 47
\BOOKMARK [3][-]{subsubsection.4.9.2.7}{\376\377\0004\000.\0009\000.\0002\000.\0007\000\040\000g\000e\000t\000T\000i\000m\000e\000s\000t\000a\000m\000p\000\050\000\051}{subsection.4.9.2}% 48
\BOOKMARK [3][-]{subsubsection.4.9.2.8}{\376\377\0004\000.\0009\000.\0002\000.\0008\000\040\000g\000e\000t\000W\000a\000i\000t\000e\000r\000\050\000\051}{subsection.4.9.2}% 49
\BOOKMARK [3][-]{subsubsection.4.9.2.9}{\376\377\0004\000.\0009\000.\0002\000.\0009\000\040\000r\000e\000c\000e\000i\000v\000e\000O\000r\000d\000e\000r\000\050\000\051}{subsection.4.9.2}% 50
\BOOKMARK [1][-]{section.4.10}{\376\377\0004\000.\0001\0000\000\040\000D\000r\000i\000n\000k\000\040\000C\000l\000a\000s\000s\000\040\000R\000e\000f\000e\000r\000e\000n\000c\000e}{chapter.4}% 51
\BOOKMARK [2][-]{subsection.4.10.1}{\376\377\0004\000.\0001\0000\000.\0001\000\040\000C\000o\000n\000s\000t\000r\000u\000c\000t\000o\000r\000\040\000\046\000\040\000D\000e\000s\000t\000r\000u\000c\000t\000o\000r\000\040\000D\000o\000c\000u\000m\000e\000n\000t\000a\000t\000i\000o\000n}{section.4.10}% 52
\BOOKMARK [3][-]{subsubsection.4.10.1.1}{\376\377\0004\000.\0001\0000\000.\0001\000.\0001\000\040\000D\000r\000i\000n\000k\000\050\000\051}{subsection.4.10.1}% 53
\BOOKMARK [1][-]{section.4.11}{\376\377\0004\000.\0001\0001\000\040\000D\000r\000i\000n\000k\000B\000u\000i\000l\000d\000e\000r\000\040\000C\000l\000a\000s\000s\000\040\000R\000e\000f\000e\000r\000e\000n\000c\000e}{chapter.4}% 54
\BOOKMARK [2][-]{subsection.4.11.1}{\376\377\0004\000.\0001\0001\000.\0001\000\040\000M\000e\000m\000b\000e\000r\000\040\000F\000u\000n\000c\000t\000i\000o\000n\000\040\000D\000o\000c\000u\000m\000e\000n\000t\000a\000t\000i\000o\000n}{section.4.11}% 55
\BOOKMARK [3][-]{subsubsection.4.11.1.1}{\376\377\0004\000.\0001\0001\000.\0001\000.\0001\000\040\000g\000e\000t\000I\000t\000e\000m\000\050\000\051}{subsection.4.11.1}% 56
\BOOKMARK [1][-]{section.4.12}{\376\377\0004\000.\0001\0002\000\040\000D\000r\000i\000n\000k\000C\000h\000e\000f\000\040\000C\000l\000a\000s\000s\000\040\000R\000e\000f\000e\000r\000e\000n\000c\000e}{chapter.4}% 57
\BOOKMARK [2][-]{subsection.4.12.1}{\376\377\0004\000.\0001\0002\000.\0001\000\040\000C\000o\000n\000s\000t\000r\000u\000c\000t\000o\000r\000\040\000\046\000\040\000D\000e\000s\000t\000r\000u\000c\000t\000o\000r\000\040\000D\000o\000c\000u\000m\000e\000n\000t\000a\000t\000i\000o\000n}{section.4.12}% 58
\BOOKMARK [3][-]{subsubsection.4.12.1.1}{\376\377\0004\000.\0001\0002\000.\0001\000.\0001\000\040\000D\000r\000i\000n\000k\000C\000h\000e\000f\000\050\000\051}{subsection.4.12.1}% 59
\BOOKMARK [3][-]{subsubsection.4.12.1.2}{\376\377\0004\000.\0001\0002\000.\0001\000.\0002\000\040\000\040\000D\000r\000i\000n\000k\000C\000h\000e\000f\000\050\000\051}{subsection.4.12.1}% 60
\BOOKMARK [2][-]{subsection.4.12.2}{\376\377\0004\000.\0001\0002\000.\0002\000\040\000M\000e\000m\000b\000e\000r\000\040\000F\000u\000n\000c\000t\000i\000o\000n\000\040\000D\000o\000c\000u\000m\000e\000n\000t\000a\000t\000i\000o\000n}{section.4.12}% 61
\BOOKMARK [3][-]{subsubsection.4.12.2.1}{\376\377\0004\000.\0001\0002\000.\0002\000.\0001\000\040\000p\000r\000e\000p\000a\000r\000e\000P\000a\000r\000t\000\050\000\051}{subsection.4.12.2}% 62
\BOOKMARK [1][-]{section.4.13}{\376\377\0004\000.\0001\0003\000\040\000F\000i\000s\000h\000\040\000C\000l\000a\000s\000s\000\040\000R\000e\000f\000e\000r\000e\000n\000c\000e}{chapter.4}% 63
\BOOKMARK [2][-]{subsection.4.13.1}{\376\377\0004\000.\0001\0003\000.\0001\000\040\000C\000o\000n\000s\000t\000r\000u\000c\000t\000o\000r\000\040\000\046\000\040\000D\000e\000s\000t\000r\000u\000c\000t\000o\000r\000\040\000D\000o\000c\000u\000m\000e\000n\000t\000a\000t\000i\000o\000n}{section.4.13}% 64
\BOOKMARK [3][-]{subsubsection.4.13.1.1}{\376\377\0004\000.\0001\0003\000.\0001\000.\0001\000\040\000F\000i\000s\000h\000\050\000\051}{subsection.4.13.1}% 65
\BOOKMARK [3][-]{subsubsection.4.13.1.2}{\376\377\0004\000.\0001\0003\000.\0001\000.\0002\000\040\000\040\000F\000i\000s\000h\000\050\000\051}{subsection.4.13.1}% 66
\BOOKMARK [1][-]{section.4.14}{\376\377\0004\000.\0001\0004\000\040\000F\000i\000s\000h\000B\000u\000i\000l\000d\000e\000r\000\040\000C\000l\000a\000s\000s\000\040\000R\000e\000f\000e\000r\000e\000n\000c\000e}{chapter.4}% 67
\BOOKMARK [1][-]{section.4.15}{\376\377\0004\000.\0001\0005\000\040\000F\000l\000o\000o\000r\000\040\000C\000l\000a\000s\000s\000\040\000R\000e\000f\000e\000r\000e\000n\000c\000e}{chapter.4}% 68
\BOOKMARK [2][-]{subsection.4.15.1}{\376\377\0004\000.\0001\0005\000.\0001\000\040\000C\000o\000n\000s\000t\000r\000u\000c\000t\000o\000r\000\040\000\046\000\040\000D\000e\000s\000t\000r\000u\000c\000t\000o\000r\000\040\000D\000o\000c\000u\000m\000e\000n\000t\000a\000t\000i\000o\000n}{section.4.15}% 69
\BOOKMARK [3][-]{subsubsection.4.15.1.1}{\376\377\0004\000.\0001\0005\000.\0001\000.\0001\000\040\000F\000l\000o\000o\000r\000\050\000\051}{subsection.4.15.1}% 70
\BOOKMARK [3][-]{subsubsection.4.15.1.2}{\376\377\0004\000.\0001\0005\000.\0001\000.\0002\000\040\000\040\000F\000l\000o\000o\000r\000\050\000\051}{subsection.4.15.1}% 71
\BOOKMARK [2][-]{subsection.4.15.2}{\376\377\0004\000.\0001\0005\000.\0002\000\040\000M\000e\000m\000b\000e\000r\000\040\000F\000u\000n\000c\000t\000i\000o\000n\000\040\000D\000o\000c\000u\000m\000e\000n\000t\000a\000t\000i\000o\000n}{section.4.15}% 72
\BOOKMARK [3][-]{subsubsection.4.15.2.1}{\376\377\0004\000.\0001\0005\000.\0002\000.\0001\000\040\000g\000e\000t\000N\000u\000m\000T\000a\000b\000l\000e\000s\000\050\000\051}{subsection.4.15.2}% 73
\BOOKMARK [3][-]{subsubsection.4.15.2.2}{\376\377\0004\000.\0001\0005\000.\0002\000.\0002\000\040\000g\000e\000t\000T\000a\000b\000l\000e\000\050\000\051}{subsection.4.15.2}% 74
\BOOKMARK [3][-]{subsubsection.4.15.2.3}{\376\377\0004\000.\0001\0005\000.\0002\000.\0003\000\040\000s\000e\000a\000t\000C\000u\000s\000t\000o\000m\000e\000r\000\050\000\051}{subsection.4.15.2}% 75
\BOOKMARK [3][-]{subsubsection.4.15.2.4}{\376\377\0004\000.\0001\0005\000.\0002\000.\0004\000\040\000s\000e\000t\000R\000e\000s\000t\000a\000u\000r\000a\000n\000t\000\050\000\051}{subsection.4.15.2}% 76
\BOOKMARK [1][-]{section.4.16}{\376\377\0004\000.\0001\0006\000\040\000H\000e\000a\000d\000C\000h\000e\000f\000\040\000C\000l\000a\000s\000s\000\040\000R\000e\000f\000e\000r\000e\000n\000c\000e}{chapter.4}% 77
\BOOKMARK [2][-]{subsection.4.16.1}{\376\377\0004\000.\0001\0006\000.\0001\000\040\000C\000o\000n\000s\000t\000r\000u\000c\000t\000o\000r\000\040\000\046\000\040\000D\000e\000s\000t\000r\000u\000c\000t\000o\000r\000\040\000D\000o\000c\000u\000m\000e\000n\000t\000a\000t\000i\000o\000n}{section.4.16}% 78
\BOOKMARK [3][-]{subsubsection.4.16.1.1}{\376\377\0004\000.\0001\0006\000.\0001\000.\0001\000\040\000H\000e\000a\000d\000C\000h\000e\000f\000\050\000\051}{subsection.4.16.1}% 79
\BOOKMARK [3][-]{subsubsection.4.16.1.2}{\376\377\0004\000.\0001\0006\000.\0001\000.\0002\000\040\000\040\000H\000e\000a\000d\000C\000h\000e\000f\000\050\000\051}{subsection.4.16.1}% 80
\BOOKMARK [1][-]{section.4.17}{\376\377\0004\000.\0001\0007\000\040\000I\000n\000t\000e\000r\000f\000a\000c\000e\000\040\000C\000l\000a\000s\000s\000\040\000R\000e\000f\000e\000r\000e\000n\000c\000e}{chapter.4}% 81
\BOOKMARK [2][-]{subsection.4.17.1}{\376\377\0004\000.\0001\0007\000.\0001\000\040\000C\000o\000n\000s\000t\000r\000u\000c\000t\000o\000r\000\040\000\046\000\040\000D\000e\000s\000t\000r\000u\000c\000t\000o\000r\000\040\000D\000o\000c\000u\000m\000e\000n\000t\000a\000t\000i\000o\000n}{section.4.17}% 82
\BOOKMARK [3][-]{subsubsection.4.17.1.1}{\376\377\0004\000.\0001\0007\000.\0001\000.\0001\000\040\000I\000n\000t\000e\000r\000f\000a\000c\000e\000\050\000\051}{subsection.4.17.1}% 83
\BOOKMARK [3][-]{subsubsection.4.17.1.2}{\376\377\0004\000.\0001\0007\000.\0001\000.\0002\000\040\000\040\000I\000n\000t\000e\000r\000f\000a\000c\000e\000\050\000\051}{subsection.4.17.1}% 84
\BOOKMARK [2][-]{subsection.4.17.2}{\376\377\0004\000.\0001\0007\000.\0002\000\040\000M\000e\000m\000b\000e\000r\000\040\000F\000u\000n\000c\000t\000i\000o\000n\000\040\000D\000o\000c\000u\000m\000e\000n\000t\000a\000t\000i\000o\000n}{section.4.17}% 85
\BOOKMARK [3][-]{subsubsection.4.17.2.1}{\376\377\0004\000.\0001\0007\000.\0002\000.\0001\000\040\000g\000e\000n\000e\000r\000a\000t\000e\000N\000u\000m\000b\000e\000r\000O\000f\000C\000u\000s\000t\000o\000m\000e\000r\000s\000\050\000\051}{subsection.4.17.2}% 86
\BOOKMARK [3][-]{subsubsection.4.17.2.2}{\376\377\0004\000.\0001\0007\000.\0002\000.\0002\000\040\000g\000e\000n\000e\000r\000a\000t\000e\000O\000r\000d\000e\000r\000S\000t\000r\000i\000n\000g\000\050\000\051}{subsection.4.17.2}% 87
\BOOKMARK [3][-]{subsubsection.4.17.2.3}{\376\377\0004\000.\0001\0007\000.\0002\000.\0003\000\040\000g\000e\000t\000C\000u\000r\000r\000e\000n\000t\000U\000n\000i\000x\000T\000i\000m\000e\000\050\000\051}{subsection.4.17.2}% 88
\BOOKMARK [3][-]{subsubsection.4.17.2.4}{\376\377\0004\000.\0001\0007\000.\0002\000.\0004\000\040\000r\000u\000n\000C\000u\000s\000t\000o\000m\000e\000r\000\050\000\051}{subsection.4.17.2}% 89
\BOOKMARK [1][-]{section.4.18}{\376\377\0004\000.\0001\0008\000\040\000I\000t\000e\000m\000\040\000C\000l\000a\000s\000s\000\040\000R\000e\000f\000e\000r\000e\000n\000c\000e}{chapter.4}% 90
\BOOKMARK [2][-]{subsection.4.18.1}{\376\377\0004\000.\0001\0008\000.\0001\000\040\000C\000o\000n\000s\000t\000r\000u\000c\000t\000o\000r\000\040\000\046\000\040\000D\000e\000s\000t\000r\000u\000c\000t\000o\000r\000\040\000D\000o\000c\000u\000m\000e\000n\000t\000a\000t\000i\000o\000n}{section.4.18}% 91
\BOOKMARK [3][-]{subsubsection.4.18.1.1}{\376\377\0004\000.\0001\0008\000.\0001\000.\0001\000\040\000I\000t\000e\000m\000\050\000\051}{subsection.4.18.1}% 92
\BOOKMARK [2][-]{subsection.4.18.2}{\376\377\0004\000.\0001\0008\000.\0002\000\040\000M\000e\000m\000b\000e\000r\000\040\000F\000u\000n\000c\000t\000i\000o\000n\000\040\000D\000o\000c\000u\000m\000e\000n\000t\000a\000t\000i\000o\000n}{section.4.18}% 93
\BOOKMARK [3][-]{subsubsection.4.18.2.1}{\376\377\0004\000.\0001\0008\000.\0002\000.\0001\000\040\000c\000a\000l\000c\000u\000l\000a\000t\000e\000P\000r\000i\000c\000e\000\050\000\051}{subsection.4.18.2}% 94
\BOOKMARK [1][-]{section.4.19}{\376\377\0004\000.\0001\0009\000\040\000I\000t\000e\000m\000B\000u\000i\000l\000d\000e\000r\000\040\000C\000l\000a\000s\000s\000\040\000R\000e\000f\000e\000r\000e\000n\000c\000e}{chapter.4}% 95
\BOOKMARK [1][-]{section.4.20}{\376\377\0004\000.\0002\0000\000\040\000K\000i\000t\000c\000h\000e\000n\000\040\000C\000l\000a\000s\000s\000\040\000R\000e\000f\000e\000r\000e\000n\000c\000e}{chapter.4}% 96
\BOOKMARK [2][-]{subsection.4.20.1}{\376\377\0004\000.\0002\0000\000.\0001\000\040\000C\000o\000n\000s\000t\000r\000u\000c\000t\000o\000r\000\040\000\046\000\040\000D\000e\000s\000t\000r\000u\000c\000t\000o\000r\000\040\000D\000o\000c\000u\000m\000e\000n\000t\000a\000t\000i\000o\000n}{section.4.20}% 97
\BOOKMARK [3][-]{subsubsection.4.20.1.1}{\376\377\0004\000.\0002\0000\000.\0001\000.\0001\000\040\000K\000i\000t\000c\000h\000e\000n\000\050\000\051}{subsection.4.20.1}% 98
\BOOKMARK [2][-]{subsection.4.20.2}{\376\377\0004\000.\0002\0000\000.\0002\000\040\000M\000e\000m\000b\000e\000r\000\040\000F\000u\000n\000c\000t\000i\000o\000n\000\040\000D\000o\000c\000u\000m\000e\000n\000t\000a\000t\000i\000o\000n}{section.4.20}% 99
\BOOKMARK [3][-]{subsubsection.4.20.2.1}{\376\377\0004\000.\0002\0000\000.\0002\000.\0001\000\040\000m\000a\000k\000e\000N\000e\000x\000t\000O\000r\000d\000e\000r\000\050\000\051}{subsection.4.20.2}% 100
\BOOKMARK [3][-]{subsubsection.4.20.2.2}{\376\377\0004\000.\0002\0000\000.\0002\000.\0002\000\040\000r\000e\000c\000e\000i\000v\000e\000O\000r\000d\000e\000r\000\050\000\051}{subsection.4.20.2}% 101
\BOOKMARK [3][-]{subsubsection.4.20.2.3}{\376\377\0004\000.\0002\0000\000.\0002\000.\0003\000\040\000s\000e\000t\000R\000e\000s\000t\000a\000u\000r\000a\000n\000t\000\050\000\051}{subsection.4.20.2}% 102
\BOOKMARK [1][-]{section.4.21}{\376\377\0004\000.\0002\0001\000\040\000M\000a\000i\000n\000B\000u\000i\000l\000d\000e\000r\000\040\000C\000l\000a\000s\000s\000\040\000R\000e\000f\000e\000r\000e\000n\000c\000e}{chapter.4}% 103
\BOOKMARK [2][-]{subsection.4.21.1}{\376\377\0004\000.\0002\0001\000.\0001\000\040\000M\000e\000m\000b\000e\000r\000\040\000F\000u\000n\000c\000t\000i\000o\000n\000\040\000D\000o\000c\000u\000m\000e\000n\000t\000a\000t\000i\000o\000n}{section.4.21}% 104
\BOOKMARK [3][-]{subsubsection.4.21.1.1}{\376\377\0004\000.\0002\0001\000.\0001\000.\0001\000\040\000g\000e\000t\000I\000t\000e\000m\000\050\000\051}{subsection.4.21.1}% 105
\BOOKMARK [1][-]{section.4.22}{\376\377\0004\000.\0002\0002\000\040\000M\000a\000i\000n\000C\000h\000e\000f\000\040\000C\000l\000a\000s\000s\000\040\000R\000e\000f\000e\000r\000e\000n\000c\000e}{chapter.4}% 106
\BOOKMARK [2][-]{subsection.4.22.1}{\376\377\0004\000.\0002\0002\000.\0001\000\040\000C\000o\000n\000s\000t\000r\000u\000c\000t\000o\000r\000\040\000\046\000\040\000D\000e\000s\000t\000r\000u\000c\000t\000o\000r\000\040\000D\000o\000c\000u\000m\000e\000n\000t\000a\000t\000i\000o\000n}{section.4.22}% 107
\BOOKMARK [3][-]{subsubsection.4.22.1.1}{\376\377\0004\000.\0002\0002\000.\0001\000.\0001\000\040\000M\000a\000i\000n\000C\000h\000e\000f\000\050\000\051}{subsection.4.22.1}% 108
\BOOKMARK [3][-]{subsubsection.4.22.1.2}{\376\377\0004\000.\0002\0002\000.\0001\000.\0002\000\040\000\040\000M\000a\000i\000n\000C\000h\000e\000f\000\050\000\051}{subsection.4.22.1}% 109
\BOOKMARK [2][-]{subsection.4.22.2}{\376\377\0004\000.\0002\0002\000.\0002\000\040\000M\000e\000m\000b\000e\000r\000\040\000F\000u\000n\000c\000t\000i\000o\000n\000\040\000D\000o\000c\000u\000m\000e\000n\000t\000a\000t\000i\000o\000n}{section.4.22}% 110
\BOOKMARK [3][-]{subsubsection.4.22.2.1}{\376\377\0004\000.\0002\0002\000.\0002\000.\0001\000\040\000p\000r\000e\000p\000a\000r\000e\000P\000a\000r\000t\000\050\000\051}{subsection.4.22.2}% 111
\BOOKMARK [1][-]{section.4.23}{\376\377\0004\000.\0002\0003\000\040\000M\000a\000i\000n\000M\000e\000a\000l\000\040\000C\000l\000a\000s\000s\000\040\000R\000e\000f\000e\000r\000e\000n\000c\000e}{chapter.4}% 112
\BOOKMARK [2][-]{subsection.4.23.1}{\376\377\0004\000.\0002\0003\000.\0001\000\040\000C\000o\000n\000s\000t\000r\000u\000c\000t\000o\000r\000\040\000\046\000\040\000D\000e\000s\000t\000r\000u\000c\000t\000o\000r\000\040\000D\000o\000c\000u\000m\000e\000n\000t\000a\000t\000i\000o\000n}{section.4.23}% 113
\BOOKMARK [3][-]{subsubsection.4.23.1.1}{\376\377\0004\000.\0002\0003\000.\0001\000.\0001\000\040\000M\000a\000i\000n\000M\000e\000a\000l\000\050\000\051}{subsection.4.23.1}% 114
\BOOKMARK [1][-]{section.4.24}{\376\377\0004\000.\0002\0004\000\040\000N\000e\000u\000t\000r\000a\000l\000\040\000C\000l\000a\000s\000s\000\040\000R\000e\000f\000e\000r\000e\000n\000c\000e}{chapter.4}% 115
\BOOKMARK [2][-]{subsection.4.24.1}{\376\377\0004\000.\0002\0004\000.\0001\000\040\000M\000e\000m\000b\000e\000r\000\040\000F\000u\000n\000c\000t\000i\000o\000n\000\040\000D\000o\000c\000u\000m\000e\000n\000t\000a\000t\000i\000o\000n}{section.4.24}% 116
\BOOKMARK [3][-]{subsubsection.4.24.1.1}{\376\377\0004\000.\0002\0004\000.\0001\000.\0001\000\040\000c\000a\000l\000c\000u\000l\000a\000t\000e\000T\000i\000p\000\050\000\051}{subsection.4.24.1}% 117
\BOOKMARK [3][-]{subsubsection.4.24.1.2}{\376\377\0004\000.\0002\0004\000.\0001\000.\0002\000\040\000c\000h\000a\000n\000g\000e\000S\000t\000a\000t\000e\000\050\000\051}{subsection.4.24.1}% 118
\BOOKMARK [3][-]{subsubsection.4.24.1.3}{\376\377\0004\000.\0002\0004\000.\0001\000.\0003\000\040\000g\000e\000t\000R\000a\000t\000i\000n\000g\000\050\000\051}{subsection.4.24.1}% 119
\BOOKMARK [1][-]{section.4.25}{\376\377\0004\000.\0002\0005\000\040\000O\000r\000d\000e\000r\000\040\000C\000l\000a\000s\000s\000\040\000R\000e\000f\000e\000r\000e\000n\000c\000e}{chapter.4}% 120
\BOOKMARK [2][-]{subsection.4.25.1}{\376\377\0004\000.\0002\0005\000.\0001\000\040\000C\000o\000n\000s\000t\000r\000u\000c\000t\000o\000r\000\040\000\046\000\040\000D\000e\000s\000t\000r\000u\000c\000t\000o\000r\000\040\000D\000o\000c\000u\000m\000e\000n\000t\000a\000t\000i\000o\000n}{section.4.25}% 121
\BOOKMARK [3][-]{subsubsection.4.25.1.1}{\376\377\0004\000.\0002\0005\000.\0001\000.\0001\000\040\000O\000r\000d\000e\000r\000\050\000\051}{subsection.4.25.1}% 122
\BOOKMARK [2][-]{subsection.4.25.2}{\376\377\0004\000.\0002\0005\000.\0002\000\040\000M\000e\000m\000b\000e\000r\000\040\000F\000u\000n\000c\000t\000i\000o\000n\000\040\000D\000o\000c\000u\000m\000e\000n\000t\000a\000t\000i\000o\000n}{section.4.25}% 123
\BOOKMARK [3][-]{subsubsection.4.25.2.1}{\376\377\0004\000.\0002\0005\000.\0002\000.\0001\000\040\000a\000d\000d\000T\000o\000O\000r\000d\000e\000r\000\050\000\051}{subsection.4.25.2}% 124
\BOOKMARK [3][-]{subsubsection.4.25.2.2}{\376\377\0004\000.\0002\0005\000.\0002\000.\0002\000\040\000a\000p\000p\000e\000n\000d\000T\000o\000O\000r\000d\000e\000r\000\050\000\051}{subsection.4.25.2}% 125
\BOOKMARK [3][-]{subsubsection.4.25.2.3}{\376\377\0004\000.\0002\0005\000.\0002\000.\0003\000\040\000c\000a\000l\000c\000u\000l\000a\000t\000e\000P\000r\000i\000c\000e\000\050\000\051}{subsection.4.25.2}% 126
\BOOKMARK [3][-]{subsubsection.4.25.2.4}{\376\377\0004\000.\0002\0005\000.\0002\000.\0004\000\040\000g\000e\000t\000W\000a\000i\000t\000e\000r\000\050\000\051}{subsection.4.25.2}% 127
\BOOKMARK [1][-]{section.4.26}{\376\377\0004\000.\0002\0006\000\040\000O\000r\000d\000e\000r\000C\000o\000n\000t\000a\000i\000n\000e\000r\000\040\000C\000l\000a\000s\000s\000\040\000R\000e\000f\000e\000r\000e\000n\000c\000e}{chapter.4}% 128
\BOOKMARK [2][-]{subsection.4.26.1}{\376\377\0004\000.\0002\0006\000.\0001\000\040\000C\000o\000n\000s\000t\000r\000u\000c\000t\000o\000r\000\040\000\046\000\040\000D\000e\000s\000t\000r\000u\000c\000t\000o\000r\000\040\000D\000o\000c\000u\000m\000e\000n\000t\000a\000t\000i\000o\000n}{section.4.26}% 129
\BOOKMARK [3][-]{subsubsection.4.26.1.1}{\376\377\0004\000.\0002\0006\000.\0001\000.\0001\000\040\000O\000r\000d\000e\000r\000C\000o\000n\000t\000a\000i\000n\000e\000r\000\050\000\051}{subsection.4.26.1}% 130
\BOOKMARK [2][-]{subsection.4.26.2}{\376\377\0004\000.\0002\0006\000.\0002\000\040\000M\000e\000m\000b\000e\000r\000\040\000F\000u\000n\000c\000t\000i\000o\000n\000\040\000D\000o\000c\000u\000m\000e\000n\000t\000a\000t\000i\000o\000n}{section.4.26}% 131
\BOOKMARK [3][-]{subsubsection.4.26.2.1}{\376\377\0004\000.\0002\0006\000.\0002\000.\0001\000\040\000g\000e\000t\000O\000r\000d\000e\000r\000\050\000\051}{subsection.4.26.2}% 132
\BOOKMARK [3][-]{subsubsection.4.26.2.2}{\376\377\0004\000.\0002\0006\000.\0002\000.\0002\000\040\000g\000e\000t\000R\000e\000q\000u\000e\000s\000t\000e\000d\000O\000r\000d\000e\000r\000\050\000\051}{subsection.4.26.2}% 133
\BOOKMARK [1][-]{section.4.27}{\376\377\0004\000.\0002\0007\000\040\000R\000a\000t\000i\000n\000g\000\040\000C\000l\000a\000s\000s\000\040\000R\000e\000f\000e\000r\000e\000n\000c\000e}{chapter.4}% 134
\BOOKMARK [1][-]{section.4.28}{\376\377\0004\000.\0002\0008\000\040\000R\000e\000s\000t\000a\000u\000r\000a\000n\000t\000\040\000C\000l\000a\000s\000s\000\040\000R\000e\000f\000e\000r\000e\000n\000c\000e}{chapter.4}% 135
\BOOKMARK [2][-]{subsection.4.28.1}{\376\377\0004\000.\0002\0008\000.\0001\000\040\000C\000o\000n\000s\000t\000r\000u\000c\000t\000o\000r\000\040\000\046\000\040\000D\000e\000s\000t\000r\000u\000c\000t\000o\000r\000\040\000D\000o\000c\000u\000m\000e\000n\000t\000a\000t\000i\000o\000n}{section.4.28}% 136
\BOOKMARK [3][-]{subsubsection.4.28.1.1}{\376\377\0004\000.\0002\0008\000.\0001\000.\0001\000\040\000R\000e\000s\000t\000a\000u\000r\000a\000n\000t\000\050\000\051}{subsection.4.28.1}% 137
\BOOKMARK [3][-]{subsubsection.4.28.1.2}{\376\377\0004\000.\0002\0008\000.\0001\000.\0002\000\040\000\040\000R\000e\000s\000t\000a\000u\000r\000a\000n\000t\000\050\000\051}{subsection.4.28.1}% 138
\BOOKMARK [2][-]{subsection.4.28.2}{\376\377\0004\000.\0002\0008\000.\0002\000\040\000M\000e\000m\000b\000e\000r\000\040\000F\000u\000n\000c\000t\000i\000o\000n\000\040\000D\000o\000c\000u\000m\000e\000n\000t\000a\000t\000i\000o\000n}{section.4.28}% 139
\BOOKMARK [3][-]{subsubsection.4.28.2.1}{\376\377\0004\000.\0002\0008\000.\0002\000.\0001\000\040\000c\000l\000e\000a\000n\000U\000p\000\050\000\051}{subsection.4.28.2}% 140
\BOOKMARK [3][-]{subsubsection.4.28.2.2}{\376\377\0004\000.\0002\0008\000.\0002\000.\0002\000\040\000i\000n\000i\000t\000i\000a\000l\000i\000s\000e\000\050\000\051}{subsection.4.28.2}% 141
\BOOKMARK [3][-]{subsubsection.4.28.2.3}{\376\377\0004\000.\0002\0008\000.\0002\000.\0003\000\040\000p\000l\000a\000c\000e\000O\000r\000d\000e\000r\000\050\000\051}{subsection.4.28.2}% 142
\BOOKMARK [3][-]{subsubsection.4.28.2.4}{\376\377\0004\000.\0002\0008\000.\0002\000.\0004\000\040\000s\000e\000a\000t\000C\000u\000s\000t\000o\000m\000e\000r\000\050\000\051}{subsection.4.28.2}% 143
\BOOKMARK [1][-]{section.4.29}{\376\377\0004\000.\0002\0009\000\040\000S\000a\000l\000a\000d\000\040\000C\000l\000a\000s\000s\000\040\000R\000e\000f\000e\000r\000e\000n\000c\000e}{chapter.4}% 144
\BOOKMARK [2][-]{subsection.4.29.1}{\376\377\0004\000.\0002\0009\000.\0001\000\040\000C\000o\000n\000s\000t\000r\000u\000c\000t\000o\000r\000\040\000\046\000\040\000D\000e\000s\000t\000r\000u\000c\000t\000o\000r\000\040\000D\000o\000c\000u\000m\000e\000n\000t\000a\000t\000i\000o\000n}{section.4.29}% 145
\BOOKMARK [3][-]{subsubsection.4.29.1.1}{\376\377\0004\000.\0002\0009\000.\0001\000.\0001\000\040\000S\000a\000l\000a\000d\000\050\000\051}{subsection.4.29.1}% 146
\BOOKMARK [3][-]{subsubsection.4.29.1.2}{\376\377\0004\000.\0002\0009\000.\0001\000.\0002\000\040\000\040\000S\000a\000l\000a\000d\000\050\000\051}{subsection.4.29.1}% 147
\BOOKMARK [1][-]{section.4.30}{\376\377\0004\000.\0003\0000\000\040\000S\000a\000l\000a\000d\000B\000u\000i\000l\000d\000e\000r\000\040\000C\000l\000a\000s\000s\000\040\000R\000e\000f\000e\000r\000e\000n\000c\000e}{chapter.4}% 148
\BOOKMARK [2][-]{subsection.4.30.1}{\376\377\0004\000.\0003\0000\000.\0001\000\040\000M\000e\000m\000b\000e\000r\000\040\000F\000u\000n\000c\000t\000i\000o\000n\000\040\000D\000o\000c\000u\000m\000e\000n\000t\000a\000t\000i\000o\000n}{section.4.30}% 149
\BOOKMARK [3][-]{subsubsection.4.30.1.1}{\376\377\0004\000.\0003\0000\000.\0001\000.\0001\000\040\000c\000u\000t\000F\000e\000t\000a\000\050\000\051}{subsection.4.30.1}% 150
\BOOKMARK [1][-]{section.4.31}{\376\377\0004\000.\0003\0001\000\040\000S\000a\000t\000i\000s\000f\000i\000e\000d\000\040\000C\000l\000a\000s\000s\000\040\000R\000e\000f\000e\000r\000e\000n\000c\000e}{chapter.4}% 151
\BOOKMARK [2][-]{subsection.4.31.1}{\376\377\0004\000.\0003\0001\000.\0001\000\040\000M\000e\000m\000b\000e\000r\000\040\000F\000u\000n\000c\000t\000i\000o\000n\000\040\000D\000o\000c\000u\000m\000e\000n\000t\000a\000t\000i\000o\000n}{section.4.31}% 152
\BOOKMARK [3][-]{subsubsection.4.31.1.1}{\376\377\0004\000.\0003\0001\000.\0001\000.\0001\000\040\000c\000a\000l\000c\000u\000l\000a\000t\000e\000T\000i\000p\000\050\000\051}{subsection.4.31.1}% 153
\BOOKMARK [3][-]{subsubsection.4.31.1.2}{\376\377\0004\000.\0003\0001\000.\0001\000.\0002\000\040\000c\000h\000a\000n\000g\000e\000S\000t\000a\000t\000e\000\050\000\051}{subsection.4.31.1}% 154
\BOOKMARK [3][-]{subsubsection.4.31.1.3}{\376\377\0004\000.\0003\0001\000.\0001\000.\0003\000\040\000g\000e\000t\000R\000a\000t\000i\000n\000g\000\050\000\051}{subsection.4.31.1}% 155
\BOOKMARK [1][-]{section.4.32}{\376\377\0004\000.\0003\0002\000\040\000S\000i\000d\000e\000\040\000C\000l\000a\000s\000s\000\040\000R\000e\000f\000e\000r\000e\000n\000c\000e}{chapter.4}% 156
\BOOKMARK [2][-]{subsection.4.32.1}{\376\377\0004\000.\0003\0002\000.\0001\000\040\000C\000o\000n\000s\000t\000r\000u\000c\000t\000o\000r\000\040\000\046\000\040\000D\000e\000s\000t\000r\000u\000c\000t\000o\000r\000\040\000D\000o\000c\000u\000m\000e\000n\000t\000a\000t\000i\000o\000n}{section.4.32}% 157
\BOOKMARK [3][-]{subsubsection.4.32.1.1}{\376\377\0004\000.\0003\0002\000.\0001\000.\0001\000\040\000S\000i\000d\000e\000\050\000\051}{subsection.4.32.1}% 158
\BOOKMARK [1][-]{section.4.33}{\376\377\0004\000.\0003\0003\000\040\000S\000i\000d\000e\000B\000u\000i\000l\000d\000e\000r\000\040\000C\000l\000a\000s\000s\000\040\000R\000e\000f\000e\000r\000e\000n\000c\000e}{chapter.4}% 159
\BOOKMARK [2][-]{subsection.4.33.1}{\376\377\0004\000.\0003\0003\000.\0001\000\040\000M\000e\000m\000b\000e\000r\000\040\000F\000u\000n\000c\000t\000i\000o\000n\000\040\000D\000o\000c\000u\000m\000e\000n\000t\000a\000t\000i\000o\000n}{section.4.33}% 160
\BOOKMARK [3][-]{subsubsection.4.33.1.1}{\376\377\0004\000.\0003\0003\000.\0001\000.\0001\000\040\000g\000e\000t\000I\000t\000e\000m\000\050\000\051}{subsection.4.33.1}% 161
\BOOKMARK [1][-]{section.4.34}{\376\377\0004\000.\0003\0004\000\040\000S\000i\000d\000e\000C\000h\000e\000f\000\040\000C\000l\000a\000s\000s\000\040\000R\000e\000f\000e\000r\000e\000n\000c\000e}{chapter.4}% 162
\BOOKMARK [2][-]{subsection.4.34.1}{\376\377\0004\000.\0003\0004\000.\0001\000\040\000C\000o\000n\000s\000t\000r\000u\000c\000t\000o\000r\000\040\000\046\000\040\000D\000e\000s\000t\000r\000u\000c\000t\000o\000r\000\040\000D\000o\000c\000u\000m\000e\000n\000t\000a\000t\000i\000o\000n}{section.4.34}% 163
\BOOKMARK [3][-]{subsubsection.4.34.1.1}{\376\377\0004\000.\0003\0004\000.\0001\000.\0001\000\040\000S\000i\000d\000e\000C\000h\000e\000f\000\050\000\051}{subsection.4.34.1}% 164
\BOOKMARK [3][-]{subsubsection.4.34.1.2}{\376\377\0004\000.\0003\0004\000.\0001\000.\0002\000\040\000\040\000S\000i\000d\000e\000C\000h\000e\000f\000\050\000\051}{subsection.4.34.1}% 165
\BOOKMARK [2][-]{subsection.4.34.2}{\376\377\0004\000.\0003\0004\000.\0002\000\040\000M\000e\000m\000b\000e\000r\000\040\000F\000u\000n\000c\000t\000i\000o\000n\000\040\000D\000o\000c\000u\000m\000e\000n\000t\000a\000t\000i\000o\000n}{section.4.34}% 166
\BOOKMARK [3][-]{subsubsection.4.34.2.1}{\376\377\0004\000.\0003\0004\000.\0002\000.\0001\000\040\000p\000r\000e\000p\000a\000r\000e\000P\000a\000r\000t\000\050\000\051}{subsection.4.34.2}% 167
\BOOKMARK [1][-]{section.4.35}{\376\377\0004\000.\0003\0005\000\040\000S\000o\000d\000a\000\040\000C\000l\000a\000s\000s\000\040\000R\000e\000f\000e\000r\000e\000n\000c\000e}{chapter.4}% 168
\BOOKMARK [2][-]{subsection.4.35.1}{\376\377\0004\000.\0003\0005\000.\0001\000\040\000C\000o\000n\000s\000t\000r\000u\000c\000t\000o\000r\000\040\000\046\000\040\000D\000e\000s\000t\000r\000u\000c\000t\000o\000r\000\040\000D\000o\000c\000u\000m\000e\000n\000t\000a\000t\000i\000o\000n}{section.4.35}% 169
\BOOKMARK [3][-]{subsubsection.4.35.1.1}{\376\377\0004\000.\0003\0005\000.\0001\000.\0001\000\040\000S\000o\000d\000a\000\050\000\051}{subsection.4.35.1}% 170
\BOOKMARK [3][-]{subsubsection.4.35.1.2}{\376\377\0004\000.\0003\0005\000.\0001\000.\0002\000\040\000\040\000S\000o\000d\000a\000\050\000\051}{subsection.4.35.1}% 171
\BOOKMARK [1][-]{section.4.36}{\376\377\0004\000.\0003\0006\000\040\000S\000o\000d\000a\000B\000u\000i\000l\000d\000e\000r\000\040\000C\000l\000a\000s\000s\000\040\000R\000e\000f\000e\000r\000e\000n\000c\000e}{chapter.4}% 172
\BOOKMARK [1][-]{section.4.37}{\376\377\0004\000.\0003\0007\000\040\000S\000t\000e\000a\000k\000\040\000C\000l\000a\000s\000s\000\040\000R\000e\000f\000e\000r\000e\000n\000c\000e}{chapter.4}% 173
\BOOKMARK [2][-]{subsection.4.37.1}{\376\377\0004\000.\0003\0007\000.\0001\000\040\000C\000o\000n\000s\000t\000r\000u\000c\000t\000o\000r\000\040\000\046\000\040\000D\000e\000s\000t\000r\000u\000c\000t\000o\000r\000\040\000D\000o\000c\000u\000m\000e\000n\000t\000a\000t\000i\000o\000n}{section.4.37}% 174
\BOOKMARK [3][-]{subsubsection.4.37.1.1}{\376\377\0004\000.\0003\0007\000.\0001\000.\0001\000\040\000S\000t\000e\000a\000k\000\050\000\051}{subsection.4.37.1}% 175
\BOOKMARK [3][-]{subsubsection.4.37.1.2}{\376\377\0004\000.\0003\0007\000.\0001\000.\0002\000\040\000\040\000S\000t\000e\000a\000k\000\050\000\051}{subsection.4.37.1}% 176
\BOOKMARK [1][-]{section.4.38}{\376\377\0004\000.\0003\0008\000\040\000S\000t\000e\000a\000k\000B\000u\000i\000l\000d\000e\000r\000\040\000C\000l\000a\000s\000s\000\040\000R\000e\000f\000e\000r\000e\000n\000c\000e}{chapter.4}% 177
\BOOKMARK [1][-]{section.4.39}{\376\377\0004\000.\0003\0009\000\040\000T\000a\000b\000l\000e\000\040\000C\000l\000a\000s\000s\000\040\000R\000e\000f\000e\000r\000e\000n\000c\000e}{chapter.4}% 178
\BOOKMARK [2][-]{subsection.4.39.1}{\376\377\0004\000.\0003\0009\000.\0001\000\040\000C\000o\000n\000s\000t\000r\000u\000c\000t\000o\000r\000\040\000\046\000\040\000D\000e\000s\000t\000r\000u\000c\000t\000o\000r\000\040\000D\000o\000c\000u\000m\000e\000n\000t\000a\000t\000i\000o\000n}{section.4.39}% 179
\BOOKMARK [3][-]{subsubsection.4.39.1.1}{\376\377\0004\000.\0003\0009\000.\0001\000.\0001\000\040\000T\000a\000b\000l\000e\000\050\000\051}{subsection.4.39.1}% 180
\BOOKMARK [3][-]{subsubsection.4.39.1.2}{\376\377\0004\000.\0003\0009\000.\0001\000.\0002\000\040\000\040\000T\000a\000b\000l\000e\000\050\000\051}{subsection.4.39.1}% 181
\BOOKMARK [2][-]{subsection.4.39.2}{\376\377\0004\000.\0003\0009\000.\0002\000\040\000M\000e\000m\000b\000e\000r\000\040\000F\000u\000n\000c\000t\000i\000o\000n\000\040\000D\000o\000c\000u\000m\000e\000n\000t\000a\000t\000i\000o\000n}{section.4.39}% 182
\BOOKMARK [3][-]{subsubsection.4.39.2.1}{\376\377\0004\000.\0003\0009\000.\0002\000.\0001\000\040\000a\000d\000d\000C\000u\000s\000t\000o\000m\000e\000r\000\050\000\051}{subsection.4.39.2}% 183
\BOOKMARK [3][-]{subsubsection.4.39.2.2}{\376\377\0004\000.\0003\0009\000.\0002\000.\0002\000\040\000c\000l\000e\000a\000n\000U\000p\000\050\000\051}{subsection.4.39.2}% 184
\BOOKMARK [3][-]{subsubsection.4.39.2.3}{\376\377\0004\000.\0003\0009\000.\0002\000.\0003\000\040\000g\000e\000t\000C\000u\000s\000t\000o\000m\000e\000r\000\050\000\051}{subsection.4.39.2}% 185
\BOOKMARK [1][-]{section.4.40}{\376\377\0004\000.\0004\0000\000\040\000U\000n\000h\000a\000p\000p\000y\000\040\000C\000l\000a\000s\000s\000\040\000R\000e\000f\000e\000r\000e\000n\000c\000e}{chapter.4}% 186
\BOOKMARK [2][-]{subsection.4.40.1}{\376\377\0004\000.\0004\0000\000.\0001\000\040\000M\000e\000m\000b\000e\000r\000\040\000F\000u\000n\000c\000t\000i\000o\000n\000\040\000D\000o\000c\000u\000m\000e\000n\000t\000a\000t\000i\000o\000n}{section.4.40}% 187
\BOOKMARK [3][-]{subsubsection.4.40.1.1}{\376\377\0004\000.\0004\0000\000.\0001\000.\0001\000\040\000c\000a\000l\000c\000u\000l\000a\000t\000e\000T\000i\000p\000\050\000\051}{subsection.4.40.1}% 188
\BOOKMARK [3][-]{subsubsection.4.40.1.2}{\376\377\0004\000.\0004\0000\000.\0001\000.\0002\000\040\000c\000h\000a\000n\000g\000e\000S\000t\000a\000t\000e\000\050\000\051}{subsection.4.40.1}% 189
\BOOKMARK [3][-]{subsubsection.4.40.1.3}{\376\377\0004\000.\0004\0000\000.\0001\000.\0003\000\040\000g\000e\000t\000R\000a\000t\000i\000n\000g\000\050\000\051}{subsection.4.40.1}% 190
\BOOKMARK [1][-]{section.4.41}{\376\377\0004\000.\0004\0001\000\040\000W\000a\000i\000t\000e\000r\000\040\000C\000l\000a\000s\000s\000\040\000R\000e\000f\000e\000r\000e\000n\000c\000e}{chapter.4}% 191
\BOOKMARK [2][-]{subsection.4.41.1}{\376\377\0004\000.\0004\0001\000.\0001\000\040\000C\000o\000n\000s\000t\000r\000u\000c\000t\000o\000r\000\040\000\046\000\040\000D\000e\000s\000t\000r\000u\000c\000t\000o\000r\000\040\000D\000o\000c\000u\000m\000e\000n\000t\000a\000t\000i\000o\000n}{section.4.41}% 192
\BOOKMARK [3][-]{subsubsection.4.41.1.1}{\376\377\0004\000.\0004\0001\000.\0001\000.\0001\000\040\000W\000a\000i\000t\000e\000r\000\050\000\051}{subsection.4.41.1}% 193
\BOOKMARK [3][-]{subsubsection.4.41.1.2}{\376\377\0004\000.\0004\0001\000.\0001\000.\0002\000\040\000\040\000W\000a\000i\000t\000e\000r\000\050\000\051}{subsection.4.41.1}% 194
\BOOKMARK [2][-]{subsection.4.41.2}{\376\377\0004\000.\0004\0001\000.\0002\000\040\000M\000e\000m\000b\000e\000r\000\040\000F\000u\000n\000c\000t\000i\000o\000n\000\040\000D\000o\000c\000u\000m\000e\000n\000t\000a\000t\000i\000o\000n}{section.4.41}% 195
\BOOKMARK [3][-]{subsubsection.4.41.2.1}{\376\377\0004\000.\0004\0001\000.\0002\000.\0001\000\040\000c\000l\000e\000a\000n\000U\000p\000\050\000\051}{subsection.4.41.2}% 196
\BOOKMARK [3][-]{subsubsection.4.41.2.2}{\376\377\0004\000.\0004\0001\000.\0002\000.\0002\000\040\000g\000e\000t\000C\000u\000s\000t\000o\000m\000e\000r\000\050\000\051}{subsection.4.41.2}% 197
\BOOKMARK [3][-]{subsubsection.4.41.2.3}{\376\377\0004\000.\0004\0001\000.\0002\000.\0003\000\040\000g\000e\000t\000R\000e\000s\000t\000a\000u\000r\000a\000n\000t\000\050\000\051}{subsection.4.41.2}% 198
\BOOKMARK [3][-]{subsubsection.4.41.2.4}{\376\377\0004\000.\0004\0001\000.\0002\000.\0004\000\040\000s\000e\000r\000v\000e\000C\000u\000s\000t\000o\000m\000e\000r\000\050\000\051}{subsection.4.41.2}% 199
\BOOKMARK [3][-]{subsubsection.4.41.2.5}{\376\377\0004\000.\0004\0001\000.\0002\000.\0005\000\040\000t\000a\000k\000e\000O\000r\000d\000e\000r\000\050\000\051}{subsection.4.41.2}% 200
\BOOKMARK [1][-]{section.4.42}{\376\377\0004\000.\0004\0002\000\040\000W\000a\000t\000e\000r\000\040\000C\000l\000a\000s\000s\000\040\000R\000e\000f\000e\000r\000e\000n\000c\000e}{chapter.4}% 201
\BOOKMARK [2][-]{subsection.4.42.1}{\376\377\0004\000.\0004\0002\000.\0001\000\040\000C\000o\000n\000s\000t\000r\000u\000c\000t\000o\000r\000\040\000\046\000\040\000D\000e\000s\000t\000r\000u\000c\000t\000o\000r\000\040\000D\000o\000c\000u\000m\000e\000n\000t\000a\000t\000i\000o\000n}{section.4.42}% 202
\BOOKMARK [3][-]{subsubsection.4.42.1.1}{\376\377\0004\000.\0004\0002\000.\0001\000.\0001\000\040\000W\000a\000t\000e\000r\000\050\000\051}{subsection.4.42.1}% 203
\BOOKMARK [3][-]{subsubsection.4.42.1.2}{\376\377\0004\000.\0004\0002\000.\0001\000.\0002\000\040\000\040\000W\000a\000t\000e\000r\000\050\000\051}{subsection.4.42.1}% 204
\BOOKMARK [1][-]{section.4.43}{\376\377\0004\000.\0004\0003\000\040\000W\000a\000t\000e\000r\000B\000u\000i\000l\000d\000e\000r\000\040\000C\000l\000a\000s\000s\000\040\000R\000e\000f\000e\000r\000e\000n\000c\000e}{chapter.4}% 205
\BOOKMARK [0][-]{chapter.5}{\376\377\0005\000\040\000F\000i\000l\000e\000\040\000D\000o\000c\000u\000m\000e\000n\000t\000a\000t\000i\000o\000n}{}% 206
\BOOKMARK [1][-]{section.5.1}{\376\377\0005\000.\0001\000\040\000B\000e\000e\000r\000.\000c\000p\000p\000\040\000F\000i\000l\000e\000\040\000R\000e\000f\000e\000r\000e\000n\000c\000e}{chapter.5}% 207
\BOOKMARK [2][-]{subsection.5.1.1}{\376\377\0005\000.\0001\000.\0001\000\040\000D\000e\000t\000a\000i\000l\000e\000d\000\040\000D\000e\000s\000c\000r\000i\000p\000t\000i\000o\000n}{section.5.1}% 208
\BOOKMARK [1][-]{section.5.2}{\376\377\0005\000.\0002\000\040\000B\000e\000e\000r\000.\000h\000\040\000F\000i\000l\000e\000\040\000R\000e\000f\000e\000r\000e\000n\000c\000e}{chapter.5}% 209
\BOOKMARK [2][-]{subsection.5.2.1}{\376\377\0005\000.\0002\000.\0001\000\040\000D\000e\000t\000a\000i\000l\000e\000d\000\040\000D\000e\000s\000c\000r\000i\000p\000t\000i\000o\000n}{section.5.2}% 210
\BOOKMARK [1][-]{section.5.3}{\376\377\0005\000.\0003\000\040\000B\000e\000e\000r\000B\000u\000i\000l\000d\000e\000r\000.\000c\000p\000p\000\040\000F\000i\000l\000e\000\040\000R\000e\000f\000e\000r\000e\000n\000c\000e}{chapter.5}% 211
\BOOKMARK [2][-]{subsection.5.3.1}{\376\377\0005\000.\0003\000.\0001\000\040\000D\000e\000t\000a\000i\000l\000e\000d\000\040\000D\000e\000s\000c\000r\000i\000p\000t\000i\000o\000n}{section.5.3}% 212
\BOOKMARK [1][-]{section.5.4}{\376\377\0005\000.\0004\000\040\000B\000e\000e\000r\000B\000u\000i\000l\000d\000e\000r\000.\000h\000\040\000F\000i\000l\000e\000\040\000R\000e\000f\000e\000r\000e\000n\000c\000e}{chapter.5}% 213
\BOOKMARK [2][-]{subsection.5.4.1}{\376\377\0005\000.\0004\000.\0001\000\040\000D\000e\000t\000a\000i\000l\000e\000d\000\040\000D\000e\000s\000c\000r\000i\000p\000t\000i\000o\000n}{section.5.4}% 214
\BOOKMARK [1][-]{section.5.5}{\376\377\0005\000.\0005\000\040\000B\000u\000r\000g\000e\000r\000.\000c\000p\000p\000\040\000F\000i\000l\000e\000\040\000R\000e\000f\000e\000r\000e\000n\000c\000e}{chapter.5}% 215
\BOOKMARK [2][-]{subsection.5.5.1}{\376\377\0005\000.\0005\000.\0001\000\040\000D\000e\000t\000a\000i\000l\000e\000d\000\040\000D\000e\000s\000c\000r\000i\000p\000t\000i\000o\000n}{section.5.5}% 216
\BOOKMARK [1][-]{section.5.6}{\376\377\0005\000.\0006\000\040\000B\000u\000r\000g\000e\000r\000.\000h\000\040\000F\000i\000l\000e\000\040\000R\000e\000f\000e\000r\000e\000n\000c\000e}{chapter.5}% 217
\BOOKMARK [2][-]{subsection.5.6.1}{\376\377\0005\000.\0006\000.\0001\000\040\000D\000e\000t\000a\000i\000l\000e\000d\000\040\000D\000e\000s\000c\000r\000i\000p\000t\000i\000o\000n}{section.5.6}% 218
\BOOKMARK [1][-]{section.5.7}{\376\377\0005\000.\0007\000\040\000B\000u\000r\000g\000e\000r\000B\000u\000i\000l\000d\000e\000r\000.\000c\000p\000p\000\040\000F\000i\000l\000e\000\040\000R\000e\000f\000e\000r\000e\000n\000c\000e}{chapter.5}% 219
\BOOKMARK [2][-]{subsection.5.7.1}{\376\377\0005\000.\0007\000.\0001\000\040\000D\000e\000t\000a\000i\000l\000e\000d\000\040\000D\000e\000s\000c\000r\000i\000p\000t\000i\000o\000n}{section.5.7}% 220
\BOOKMARK [1][-]{section.5.8}{\376\377\0005\000.\0008\000\040\000B\000u\000r\000g\000e\000r\000B\000u\000i\000l\000d\000e\000r\000.\000h\000\040\000F\000i\000l\000e\000\040\000R\000e\000f\000e\000r\000e\000n\000c\000e}{chapter.5}% 221
\BOOKMARK [2][-]{subsection.5.8.1}{\376\377\0005\000.\0008\000.\0001\000\040\000D\000e\000t\000a\000i\000l\000e\000d\000\040\000D\000e\000s\000c\000r\000i\000p\000t\000i\000o\000n}{section.5.8}% 222
\BOOKMARK [1][-]{section.5.9}{\376\377\0005\000.\0009\000\040\000C\000h\000e\000f\000.\000c\000p\000p\000\040\000F\000i\000l\000e\000\040\000R\000e\000f\000e\000r\000e\000n\000c\000e}{chapter.5}% 223
\BOOKMARK [2][-]{subsection.5.9.1}{\376\377\0005\000.\0009\000.\0001\000\040\000D\000e\000t\000a\000i\000l\000e\000d\000\040\000D\000e\000s\000c\000r\000i\000p\000t\000i\000o\000n}{section.5.9}% 224
\BOOKMARK [1][-]{section.5.10}{\376\377\0005\000.\0001\0000\000\040\000C\000h\000e\000f\000.\000h\000\040\000F\000i\000l\000e\000\040\000R\000e\000f\000e\000r\000e\000n\000c\000e}{chapter.5}% 225
\BOOKMARK [2][-]{subsection.5.10.1}{\376\377\0005\000.\0001\0000\000.\0001\000\040\000D\000e\000t\000a\000i\000l\000e\000d\000\040\000D\000e\000s\000c\000r\000i\000p\000t\000i\000o\000n}{section.5.10}% 226
\BOOKMARK [1][-]{section.5.11}{\376\377\0005\000.\0001\0001\000\040\000C\000h\000i\000p\000s\000.\000c\000p\000p\000\040\000F\000i\000l\000e\000\040\000R\000e\000f\000e\000r\000e\000n\000c\000e}{chapter.5}% 227
\BOOKMARK [2][-]{subsection.5.11.1}{\376\377\0005\000.\0001\0001\000.\0001\000\040\000D\000e\000t\000a\000i\000l\000e\000d\000\040\000D\000e\000s\000c\000r\000i\000p\000t\000i\000o\000n}{section.5.11}% 228
\BOOKMARK [1][-]{section.5.12}{\376\377\0005\000.\0001\0002\000\040\000C\000h\000i\000p\000s\000.\000h\000\040\000F\000i\000l\000e\000\040\000R\000e\000f\000e\000r\000e\000n\000c\000e}{chapter.5}% 229
\BOOKMARK [2][-]{subsection.5.12.1}{\376\377\0005\000.\0001\0002\000.\0001\000\040\000D\000e\000t\000a\000i\000l\000e\000d\000\040\000D\000e\000s\000c\000r\000i\000p\000t\000i\000o\000n}{section.5.12}% 230
\BOOKMARK [1][-]{section.5.13}{\376\377\0005\000.\0001\0003\000\040\000C\000h\000i\000p\000s\000B\000u\000i\000l\000d\000e\000r\000.\000c\000p\000p\000\040\000F\000i\000l\000e\000\040\000R\000e\000f\000e\000r\000e\000n\000c\000e}{chapter.5}% 231
\BOOKMARK [2][-]{subsection.5.13.1}{\376\377\0005\000.\0001\0003\000.\0001\000\040\000D\000e\000t\000a\000i\000l\000e\000d\000\040\000D\000e\000s\000c\000r\000i\000p\000t\000i\000o\000n}{section.5.13}% 232
\BOOKMARK [1][-]{section.5.14}{\376\377\0005\000.\0001\0004\000\040\000C\000h\000i\000p\000s\000B\000u\000i\000l\000d\000e\000r\000.\000h\000\040\000F\000i\000l\000e\000\040\000R\000e\000f\000e\000r\000e\000n\000c\000e}{chapter.5}% 233
\BOOKMARK [2][-]{subsection.5.14.1}{\376\377\0005\000.\0001\0004\000.\0001\000\040\000D\000e\000t\000a\000i\000l\000e\000d\000\040\000D\000e\000s\000c\000r\000i\000p\000t\000i\000o\000n}{section.5.14}% 234
\BOOKMARK [1][-]{section.5.15}{\376\377\0005\000.\0001\0005\000\040\000C\000o\000m\000p\000l\000e\000x\000O\000r\000d\000e\000r\000.\000c\000p\000p\000\040\000F\000i\000l\000e\000\040\000R\000e\000f\000e\000r\000e\000n\000c\000e}{chapter.5}% 235
\BOOKMARK [2][-]{subsection.5.15.1}{\376\377\0005\000.\0001\0005\000.\0001\000\040\000D\000e\000t\000a\000i\000l\000e\000d\000\040\000D\000e\000s\000c\000r\000i\000p\000t\000i\000o\000n}{section.5.15}% 236
\BOOKMARK [1][-]{section.5.16}{\376\377\0005\000.\0001\0006\000\040\000C\000o\000m\000p\000l\000e\000x\000O\000r\000d\000e\000r\000.\000h\000\040\000F\000i\000l\000e\000\040\000R\000e\000f\000e\000r\000e\000n\000c\000e}{chapter.5}% 237
\BOOKMARK [2][-]{subsection.5.16.1}{\376\377\0005\000.\0001\0006\000.\0001\000\040\000D\000e\000t\000a\000i\000l\000e\000d\000\040\000D\000e\000s\000c\000r\000i\000p\000t\000i\000o\000n}{section.5.16}% 238
\BOOKMARK [1][-]{section.5.17}{\376\377\0005\000.\0001\0007\000\040\000C\000u\000s\000t\000o\000m\000e\000r\000.\000c\000p\000p\000\040\000F\000i\000l\000e\000\040\000R\000e\000f\000e\000r\000e\000n\000c\000e}{chapter.5}% 239
\BOOKMARK [2][-]{subsection.5.17.1}{\376\377\0005\000.\0001\0007\000.\0001\000\040\000D\000e\000t\000a\000i\000l\000e\000d\000\040\000D\000e\000s\000c\000r\000i\000p\000t\000i\000o\000n}{section.5.17}% 240
\BOOKMARK [1][-]{section.5.18}{\376\377\0005\000.\0001\0008\000\040\000C\000u\000s\000t\000o\000m\000e\000r\000.\000h\000\040\000F\000i\000l\000e\000\040\000R\000e\000f\000e\000r\000e\000n\000c\000e}{chapter.5}% 241
\BOOKMARK [2][-]{subsection.5.18.1}{\376\377\0005\000.\0001\0008\000.\0001\000\040\000D\000e\000t\000a\000i\000l\000e\000d\000\040\000D\000e\000s\000c\000r\000i\000p\000t\000i\000o\000n}{section.5.18}% 242
\BOOKMARK [1][-]{section.5.19}{\376\377\0005\000.\0001\0009\000\040\000D\000r\000i\000n\000k\000.\000c\000p\000p\000\040\000F\000i\000l\000e\000\040\000R\000e\000f\000e\000r\000e\000n\000c\000e}{chapter.5}% 243
\BOOKMARK [2][-]{subsection.5.19.1}{\376\377\0005\000.\0001\0009\000.\0001\000\040\000D\000e\000t\000a\000i\000l\000e\000d\000\040\000D\000e\000s\000c\000r\000i\000p\000t\000i\000o\000n}{section.5.19}% 244
\BOOKMARK [1][-]{section.5.20}{\376\377\0005\000.\0002\0000\000\040\000D\000r\000i\000n\000k\000.\000h\000\040\000F\000i\000l\000e\000\040\000R\000e\000f\000e\000r\000e\000n\000c\000e}{chapter.5}% 245
\BOOKMARK [2][-]{subsection.5.20.1}{\376\377\0005\000.\0002\0000\000.\0001\000\040\000D\000e\000t\000a\000i\000l\000e\000d\000\040\000D\000e\000s\000c\000r\000i\000p\000t\000i\000o\000n}{section.5.20}% 246
\BOOKMARK [1][-]{section.5.21}{\376\377\0005\000.\0002\0001\000\040\000D\000r\000i\000n\000k\000B\000u\000i\000l\000d\000e\000r\000.\000c\000p\000p\000\040\000F\000i\000l\000e\000\040\000R\000e\000f\000e\000r\000e\000n\000c\000e}{chapter.5}% 247
\BOOKMARK [2][-]{subsection.5.21.1}{\376\377\0005\000.\0002\0001\000.\0001\000\040\000D\000e\000t\000a\000i\000l\000e\000d\000\040\000D\000e\000s\000c\000r\000i\000p\000t\000i\000o\000n}{section.5.21}% 248
\BOOKMARK [1][-]{section.5.22}{\376\377\0005\000.\0002\0002\000\040\000D\000r\000i\000n\000k\000B\000u\000i\000l\000d\000e\000r\000.\000h\000\040\000F\000i\000l\000e\000\040\000R\000e\000f\000e\000r\000e\000n\000c\000e}{chapter.5}% 249
\BOOKMARK [2][-]{subsection.5.22.1}{\376\377\0005\000.\0002\0002\000.\0001\000\040\000D\000e\000t\000a\000i\000l\000e\000d\000\040\000D\000e\000s\000c\000r\000i\000p\000t\000i\000o\000n}{section.5.22}% 250
\BOOKMARK [1][-]{section.5.23}{\376\377\0005\000.\0002\0003\000\040\000D\000r\000i\000n\000k\000C\000h\000e\000f\000.\000c\000p\000p\000\040\000F\000i\000l\000e\000\040\000R\000e\000f\000e\000r\000e\000n\000c\000e}{chapter.5}% 251
\BOOKMARK [2][-]{subsection.5.23.1}{\376\377\0005\000.\0002\0003\000.\0001\000\040\000D\000e\000t\000a\000i\000l\000e\000d\000\040\000D\000e\000s\000c\000r\000i\000p\000t\000i\000o\000n}{section.5.23}% 252
\BOOKMARK [1][-]{section.5.24}{\376\377\0005\000.\0002\0004\000\040\000D\000r\000i\000n\000k\000C\000h\000e\000f\000.\000h\000\040\000F\000i\000l\000e\000\040\000R\000e\000f\000e\000r\000e\000n\000c\000e}{chapter.5}% 253
\BOOKMARK [2][-]{subsection.5.24.1}{\376\377\0005\000.\0002\0004\000.\0001\000\040\000D\000e\000t\000a\000i\000l\000e\000d\000\040\000D\000e\000s\000c\000r\000i\000p\000t\000i\000o\000n}{section.5.24}% 254
\BOOKMARK [1][-]{section.5.25}{\376\377\0005\000.\0002\0005\000\040\000F\000i\000s\000h\000.\000c\000p\000p\000\040\000F\000i\000l\000e\000\040\000R\000e\000f\000e\000r\000e\000n\000c\000e}{chapter.5}% 255
\BOOKMARK [2][-]{subsection.5.25.1}{\376\377\0005\000.\0002\0005\000.\0001\000\040\000D\000e\000t\000a\000i\000l\000e\000d\000\040\000D\000e\000s\000c\000r\000i\000p\000t\000i\000o\000n}{section.5.25}% 256
\BOOKMARK [1][-]{section.5.26}{\376\377\0005\000.\0002\0006\000\040\000F\000i\000s\000h\000.\000h\000\040\000F\000i\000l\000e\000\040\000R\000e\000f\000e\000r\000e\000n\000c\000e}{chapter.5}% 257
\BOOKMARK [2][-]{subsection.5.26.1}{\376\377\0005\000.\0002\0006\000.\0001\000\040\000D\000e\000t\000a\000i\000l\000e\000d\000\040\000D\000e\000s\000c\000r\000i\000p\000t\000i\000o\000n}{section.5.26}% 258
\BOOKMARK [1][-]{section.5.27}{\376\377\0005\000.\0002\0007\000\040\000F\000i\000s\000h\000B\000u\000i\000l\000d\000e\000r\000.\000c\000p\000p\000\040\000F\000i\000l\000e\000\040\000R\000e\000f\000e\000r\000e\000n\000c\000e}{chapter.5}% 259
\BOOKMARK [2][-]{subsection.5.27.1}{\376\377\0005\000.\0002\0007\000.\0001\000\040\000D\000e\000t\000a\000i\000l\000e\000d\000\040\000D\000e\000s\000c\000r\000i\000p\000t\000i\000o\000n}{section.5.27}% 260
\BOOKMARK [1][-]{section.5.28}{\376\377\0005\000.\0002\0008\000\040\000F\000i\000s\000h\000B\000u\000i\000l\000d\000e\000r\000.\000h\000\040\000F\000i\000l\000e\000\040\000R\000e\000f\000e\000r\000e\000n\000c\000e}{chapter.5}% 261
\BOOKMARK [2][-]{subsection.5.28.1}{\376\377\0005\000.\0002\0008\000.\0001\000\040\000D\000e\000t\000a\000i\000l\000e\000d\000\040\000D\000e\000s\000c\000r\000i\000p\000t\000i\000o\000n}{section.5.28}% 262
\BOOKMARK [1][-]{section.5.29}{\376\377\0005\000.\0002\0009\000\040\000F\000l\000o\000o\000r\000.\000c\000p\000p\000\040\000F\000i\000l\000e\000\040\000R\000e\000f\000e\000r\000e\000n\000c\000e}{chapter.5}% 263
\BOOKMARK [2][-]{subsection.5.29.1}{\376\377\0005\000.\0002\0009\000.\0001\000\040\000D\000e\000t\000a\000i\000l\000e\000d\000\040\000D\000e\000s\000c\000r\000i\000p\000t\000i\000o\000n}{section.5.29}% 264
\BOOKMARK [1][-]{section.5.30}{\376\377\0005\000.\0003\0000\000\040\000F\000l\000o\000o\000r\000.\000h\000\040\000F\000i\000l\000e\000\040\000R\000e\000f\000e\000r\000e\000n\000c\000e}{chapter.5}% 265
\BOOKMARK [2][-]{subsection.5.30.1}{\376\377\0005\000.\0003\0000\000.\0001\000\040\000D\000e\000t\000a\000i\000l\000e\000d\000\040\000D\000e\000s\000c\000r\000i\000p\000t\000i\000o\000n}{section.5.30}% 266
\BOOKMARK [1][-]{section.5.31}{\376\377\0005\000.\0003\0001\000\040\000H\000e\000a\000d\000C\000h\000e\000f\000.\000c\000p\000p\000\040\000F\000i\000l\000e\000\040\000R\000e\000f\000e\000r\000e\000n\000c\000e}{chapter.5}% 267
\BOOKMARK [2][-]{subsection.5.31.1}{\376\377\0005\000.\0003\0001\000.\0001\000\040\000D\000e\000t\000a\000i\000l\000e\000d\000\040\000D\000e\000s\000c\000r\000i\000p\000t\000i\000o\000n}{section.5.31}% 268
\BOOKMARK [1][-]{section.5.32}{\376\377\0005\000.\0003\0002\000\040\000H\000e\000a\000d\000C\000h\000e\000f\000.\000h\000\040\000F\000i\000l\000e\000\040\000R\000e\000f\000e\000r\000e\000n\000c\000e}{chapter.5}% 269
\BOOKMARK [2][-]{subsection.5.32.1}{\376\377\0005\000.\0003\0002\000.\0001\000\040\000D\000e\000t\000a\000i\000l\000e\000d\000\040\000D\000e\000s\000c\000r\000i\000p\000t\000i\000o\000n}{section.5.32}% 270
\BOOKMARK [1][-]{section.5.33}{\376\377\0005\000.\0003\0003\000\040\000I\000n\000t\000e\000r\000f\000a\000c\000e\000.\000c\000p\000p\000\040\000F\000i\000l\000e\000\040\000R\000e\000f\000e\000r\000e\000n\000c\000e}{chapter.5}% 271
\BOOKMARK [2][-]{subsection.5.33.1}{\376\377\0005\000.\0003\0003\000.\0001\000\040\000D\000e\000t\000a\000i\000l\000e\000d\000\040\000D\000e\000s\000c\000r\000i\000p\000t\000i\000o\000n}{section.5.33}% 272
\BOOKMARK [1][-]{section.5.34}{\376\377\0005\000.\0003\0004\000\040\000I\000n\000t\000e\000r\000f\000a\000c\000e\000.\000h\000\040\000F\000i\000l\000e\000\040\000R\000e\000f\000e\000r\000e\000n\000c\000e}{chapter.5}% 273
\BOOKMARK [2][-]{subsection.5.34.1}{\376\377\0005\000.\0003\0004\000.\0001\000\040\000D\000e\000t\000a\000i\000l\000e\000d\000\040\000D\000e\000s\000c\000r\000i\000p\000t\000i\000o\000n}{section.5.34}% 274
\BOOKMARK [1][-]{section.5.35}{\376\377\0005\000.\0003\0005\000\040\000I\000t\000e\000m\000.\000c\000p\000p\000\040\000F\000i\000l\000e\000\040\000R\000e\000f\000e\000r\000e\000n\000c\000e}{chapter.5}% 275
\BOOKMARK [2][-]{subsection.5.35.1}{\376\377\0005\000.\0003\0005\000.\0001\000\040\000D\000e\000t\000a\000i\000l\000e\000d\000\040\000D\000e\000s\000c\000r\000i\000p\000t\000i\000o\000n}{section.5.35}% 276
\BOOKMARK [1][-]{section.5.36}{\376\377\0005\000.\0003\0006\000\040\000I\000t\000e\000m\000.\000h\000\040\000F\000i\000l\000e\000\040\000R\000e\000f\000e\000r\000e\000n\000c\000e}{chapter.5}% 277
\BOOKMARK [2][-]{subsection.5.36.1}{\376\377\0005\000.\0003\0006\000.\0001\000\040\000D\000e\000t\000a\000i\000l\000e\000d\000\040\000D\000e\000s\000c\000r\000i\000p\000t\000i\000o\000n}{section.5.36}% 278
\BOOKMARK [1][-]{section.5.37}{\376\377\0005\000.\0003\0007\000\040\000I\000t\000e\000m\000B\000u\000i\000l\000d\000e\000r\000.\000h\000\040\000F\000i\000l\000e\000\040\000R\000e\000f\000e\000r\000e\000n\000c\000e}{chapter.5}% 279
\BOOKMARK [2][-]{subsection.5.37.1}{\376\377\0005\000.\0003\0007\000.\0001\000\040\000D\000e\000t\000a\000i\000l\000e\000d\000\040\000D\000e\000s\000c\000r\000i\000p\000t\000i\000o\000n}{section.5.37}% 280
\BOOKMARK [1][-]{section.5.38}{\376\377\0005\000.\0003\0008\000\040\000K\000i\000t\000c\000h\000e\000n\000.\000c\000p\000p\000\040\000F\000i\000l\000e\000\040\000R\000e\000f\000e\000r\000e\000n\000c\000e}{chapter.5}% 281
\BOOKMARK [2][-]{subsection.5.38.1}{\376\377\0005\000.\0003\0008\000.\0001\000\040\000D\000e\000t\000a\000i\000l\000e\000d\000\040\000D\000e\000s\000c\000r\000i\000p\000t\000i\000o\000n}{section.5.38}% 282
\BOOKMARK [1][-]{section.5.39}{\376\377\0005\000.\0003\0009\000\040\000K\000i\000t\000c\000h\000e\000n\000.\000h\000\040\000F\000i\000l\000e\000\040\000R\000e\000f\000e\000r\000e\000n\000c\000e}{chapter.5}% 283
\BOOKMARK [2][-]{subsection.5.39.1}{\376\377\0005\000.\0003\0009\000.\0001\000\040\000D\000e\000t\000a\000i\000l\000e\000d\000\040\000D\000e\000s\000c\000r\000i\000p\000t\000i\000o\000n}{section.5.39}% 284
\BOOKMARK [1][-]{section.5.40}{\376\377\0005\000.\0004\0000\000\040\000m\000a\000i\000n\000.\000c\000p\000p\000\040\000F\000i\000l\000e\000\040\000R\000e\000f\000e\000r\000e\000n\000c\000e}{chapter.5}% 285
\BOOKMARK [2][-]{subsection.5.40.1}{\376\377\0005\000.\0004\0000\000.\0001\000\040\000D\000e\000t\000a\000i\000l\000e\000d\000\040\000D\000e\000s\000c\000r\000i\000p\000t\000i\000o\000n}{section.5.40}% 286
\BOOKMARK [2][-]{subsection.5.40.2}{\376\377\0005\000.\0004\0000\000.\0002\000\040\000F\000u\000n\000c\000t\000i\000o\000n\000\040\000D\000o\000c\000u\000m\000e\000n\000t\000a\000t\000i\000o\000n}{section.5.40}% 287
\BOOKMARK [3][-]{subsubsection.5.40.2.1}{\376\377\0005\000.\0004\0000\000.\0002\000.\0001\000\040\000m\000a\000i\000n\000\050\000\051}{subsection.5.40.2}% 288
\BOOKMARK [1][-]{section.5.41}{\376\377\0005\000.\0004\0001\000\040\000M\000a\000i\000n\000B\000u\000i\000l\000d\000e\000r\000.\000c\000p\000p\000\040\000F\000i\000l\000e\000\040\000R\000e\000f\000e\000r\000e\000n\000c\000e}{chapter.5}% 289
\BOOKMARK [2][-]{subsection.5.41.1}{\376\377\0005\000.\0004\0001\000.\0001\000\040\000D\000e\000t\000a\000i\000l\000e\000d\000\040\000D\000e\000s\000c\000r\000i\000p\000t\000i\000o\000n}{section.5.41}% 290
\BOOKMARK [1][-]{section.5.42}{\376\377\0005\000.\0004\0002\000\040\000M\000a\000i\000n\000B\000u\000i\000l\000d\000e\000r\000.\000h\000\040\000F\000i\000l\000e\000\040\000R\000e\000f\000e\000r\000e\000n\000c\000e}{chapter.5}% 291
\BOOKMARK [2][-]{subsection.5.42.1}{\376\377\0005\000.\0004\0002\000.\0001\000\040\000D\000e\000t\000a\000i\000l\000e\000d\000\040\000D\000e\000s\000c\000r\000i\000p\000t\000i\000o\000n}{section.5.42}% 292
\BOOKMARK [1][-]{section.5.43}{\376\377\0005\000.\0004\0003\000\040\000M\000a\000i\000n\000C\000h\000e\000f\000.\000c\000p\000p\000\040\000F\000i\000l\000e\000\040\000R\000e\000f\000e\000r\000e\000n\000c\000e}{chapter.5}% 293
\BOOKMARK [2][-]{subsection.5.43.1}{\376\377\0005\000.\0004\0003\000.\0001\000\040\000D\000e\000t\000a\000i\000l\000e\000d\000\040\000D\000e\000s\000c\000r\000i\000p\000t\000i\000o\000n}{section.5.43}% 294
\BOOKMARK [1][-]{section.5.44}{\376\377\0005\000.\0004\0004\000\040\000M\000a\000i\000n\000C\000h\000e\000f\000.\000h\000\040\000F\000i\000l\000e\000\040\000R\000e\000f\000e\000r\000e\000n\000c\000e}{chapter.5}% 295
\BOOKMARK [2][-]{subsection.5.44.1}{\376\377\0005\000.\0004\0004\000.\0001\000\040\000D\000e\000t\000a\000i\000l\000e\000d\000\040\000D\000e\000s\000c\000r\000i\000p\000t\000i\000o\000n}{section.5.44}% 296
\BOOKMARK [1][-]{section.5.45}{\376\377\0005\000.\0004\0005\000\040\000M\000a\000i\000n\000M\000e\000a\000l\000.\000c\000p\000p\000\040\000F\000i\000l\000e\000\040\000R\000e\000f\000e\000r\000e\000n\000c\000e}{chapter.5}% 297
\BOOKMARK [2][-]{subsection.5.45.1}{\376\377\0005\000.\0004\0005\000.\0001\000\040\000D\000e\000t\000a\000i\000l\000e\000d\000\040\000D\000e\000s\000c\000r\000i\000p\000t\000i\000o\000n}{section.5.45}% 298
\BOOKMARK [1][-]{section.5.46}{\376\377\0005\000.\0004\0006\000\040\000M\000a\000i\000n\000M\000e\000a\000l\000.\000h\000\040\000F\000i\000l\000e\000\040\000R\000e\000f\000e\000r\000e\000n\000c\000e}{chapter.5}% 299
\BOOKMARK [2][-]{subsection.5.46.1}{\376\377\0005\000.\0004\0006\000.\0001\000\040\000D\000e\000t\000a\000i\000l\000e\000d\000\040\000D\000e\000s\000c\000r\000i\000p\000t\000i\000o\000n}{section.5.46}% 300
\BOOKMARK [1][-]{section.5.47}{\376\377\0005\000.\0004\0007\000\040\000N\000e\000u\000t\000r\000a\000l\000.\000c\000p\000p\000\040\000F\000i\000l\000e\000\040\000R\000e\000f\000e\000r\000e\000n\000c\000e}{chapter.5}% 301
\BOOKMARK [2][-]{subsection.5.47.1}{\376\377\0005\000.\0004\0007\000.\0001\000\040\000D\000e\000t\000a\000i\000l\000e\000d\000\040\000D\000e\000s\000c\000r\000i\000p\000t\000i\000o\000n}{section.5.47}% 302
\BOOKMARK [1][-]{section.5.48}{\376\377\0005\000.\0004\0008\000\040\000N\000e\000u\000t\000r\000a\000l\000.\000h\000\040\000F\000i\000l\000e\000\040\000R\000e\000f\000e\000r\000e\000n\000c\000e}{chapter.5}% 303
\BOOKMARK [2][-]{subsection.5.48.1}{\376\377\0005\000.\0004\0008\000.\0001\000\040\000D\000e\000t\000a\000i\000l\000e\000d\000\040\000D\000e\000s\000c\000r\000i\000p\000t\000i\000o\000n}{section.5.48}% 304
\BOOKMARK [1][-]{section.5.49}{\376\377\0005\000.\0004\0009\000\040\000O\000r\000d\000e\000r\000.\000c\000p\000p\000\040\000F\000i\000l\000e\000\040\000R\000e\000f\000e\000r\000e\000n\000c\000e}{chapter.5}% 305
\BOOKMARK [2][-]{subsection.5.49.1}{\376\377\0005\000.\0004\0009\000.\0001\000\040\000D\000e\000t\000a\000i\000l\000e\000d\000\040\000D\000e\000s\000c\000r\000i\000p\000t\000i\000o\000n}{section.5.49}% 306
\BOOKMARK [1][-]{section.5.50}{\376\377\0005\000.\0005\0000\000\040\000O\000r\000d\000e\000r\000.\000h\000\040\000F\000i\000l\000e\000\040\000R\000e\000f\000e\000r\000e\000n\000c\000e}{chapter.5}% 307
\BOOKMARK [2][-]{subsection.5.50.1}{\376\377\0005\000.\0005\0000\000.\0001\000\040\000D\000e\000t\000a\000i\000l\000e\000d\000\040\000D\000e\000s\000c\000r\000i\000p\000t\000i\000o\000n}{section.5.50}% 308
\BOOKMARK [1][-]{section.5.51}{\376\377\0005\000.\0005\0001\000\040\000O\000r\000d\000e\000r\000C\000o\000n\000t\000a\000i\000n\000e\000r\000.\000c\000p\000p\000\040\000F\000i\000l\000e\000\040\000R\000e\000f\000e\000r\000e\000n\000c\000e}{chapter.5}% 309
\BOOKMARK [2][-]{subsection.5.51.1}{\376\377\0005\000.\0005\0001\000.\0001\000\040\000D\000e\000t\000a\000i\000l\000e\000d\000\040\000D\000e\000s\000c\000r\000i\000p\000t\000i\000o\000n}{section.5.51}% 310
\BOOKMARK [1][-]{section.5.52}{\376\377\0005\000.\0005\0002\000\040\000O\000r\000d\000e\000r\000C\000o\000n\000t\000a\000i\000n\000e\000r\000.\000h\000\040\000F\000i\000l\000e\000\040\000R\000e\000f\000e\000r\000e\000n\000c\000e}{chapter.5}% 311
\BOOKMARK [2][-]{subsection.5.52.1}{\376\377\0005\000.\0005\0002\000.\0001\000\040\000D\000e\000t\000a\000i\000l\000e\000d\000\040\000D\000e\000s\000c\000r\000i\000p\000t\000i\000o\000n}{section.5.52}% 312
\BOOKMARK [1][-]{section.5.53}{\376\377\0005\000.\0005\0003\000\040\000R\000a\000t\000i\000n\000g\000.\000c\000p\000p\000\040\000F\000i\000l\000e\000\040\000R\000e\000f\000e\000r\000e\000n\000c\000e}{chapter.5}% 313
\BOOKMARK [2][-]{subsection.5.53.1}{\376\377\0005\000.\0005\0003\000.\0001\000\040\000D\000e\000t\000a\000i\000l\000e\000d\000\040\000D\000e\000s\000c\000r\000i\000p\000t\000i\000o\000n}{section.5.53}% 314
\BOOKMARK [1][-]{section.5.54}{\376\377\0005\000.\0005\0004\000\040\000R\000a\000t\000i\000n\000g\000.\000h\000\040\000F\000i\000l\000e\000\040\000R\000e\000f\000e\000r\000e\000n\000c\000e}{chapter.5}% 315
\BOOKMARK [2][-]{subsection.5.54.1}{\376\377\0005\000.\0005\0004\000.\0001\000\040\000D\000e\000t\000a\000i\000l\000e\000d\000\040\000D\000e\000s\000c\000r\000i\000p\000t\000i\000o\000n}{section.5.54}% 316
\BOOKMARK [1][-]{section.5.55}{\376\377\0005\000.\0005\0005\000\040\000R\000e\000s\000t\000a\000u\000r\000a\000n\000t\000.\000c\000p\000p\000\040\000F\000i\000l\000e\000\040\000R\000e\000f\000e\000r\000e\000n\000c\000e}{chapter.5}% 317
\BOOKMARK [2][-]{subsection.5.55.1}{\376\377\0005\000.\0005\0005\000.\0001\000\040\000D\000e\000t\000a\000i\000l\000e\000d\000\040\000D\000e\000s\000c\000r\000i\000p\000t\000i\000o\000n}{section.5.55}% 318
\BOOKMARK [1][-]{section.5.56}{\376\377\0005\000.\0005\0006\000\040\000R\000e\000s\000t\000a\000u\000r\000a\000n\000t\000.\000h\000\040\000F\000i\000l\000e\000\040\000R\000e\000f\000e\000r\000e\000n\000c\000e}{chapter.5}% 319
\BOOKMARK [2][-]{subsection.5.56.1}{\376\377\0005\000.\0005\0006\000.\0001\000\040\000D\000e\000t\000a\000i\000l\000e\000d\000\040\000D\000e\000s\000c\000r\000i\000p\000t\000i\000o\000n}{section.5.56}% 320
\BOOKMARK [1][-]{section.5.57}{\376\377\0005\000.\0005\0007\000\040\000S\000a\000l\000a\000d\000.\000c\000p\000p\000\040\000F\000i\000l\000e\000\040\000R\000e\000f\000e\000r\000e\000n\000c\000e}{chapter.5}% 321
\BOOKMARK [2][-]{subsection.5.57.1}{\376\377\0005\000.\0005\0007\000.\0001\000\040\000D\000e\000t\000a\000i\000l\000e\000d\000\040\000D\000e\000s\000c\000r\000i\000p\000t\000i\000o\000n}{section.5.57}% 322
\BOOKMARK [1][-]{section.5.58}{\376\377\0005\000.\0005\0008\000\040\000S\000a\000l\000a\000d\000.\000h\000\040\000F\000i\000l\000e\000\040\000R\000e\000f\000e\000r\000e\000n\000c\000e}{chapter.5}% 323
\BOOKMARK [2][-]{subsection.5.58.1}{\376\377\0005\000.\0005\0008\000.\0001\000\040\000D\000e\000t\000a\000i\000l\000e\000d\000\040\000D\000e\000s\000c\000r\000i\000p\000t\000i\000o\000n}{section.5.58}% 324
\BOOKMARK [1][-]{section.5.59}{\376\377\0005\000.\0005\0009\000\040\000S\000a\000l\000a\000d\000B\000u\000i\000l\000d\000e\000r\000.\000c\000p\000p\000\040\000F\000i\000l\000e\000\040\000R\000e\000f\000e\000r\000e\000n\000c\000e}{chapter.5}% 325
\BOOKMARK [2][-]{subsection.5.59.1}{\376\377\0005\000.\0005\0009\000.\0001\000\040\000D\000e\000t\000a\000i\000l\000e\000d\000\040\000D\000e\000s\000c\000r\000i\000p\000t\000i\000o\000n}{section.5.59}% 326
\BOOKMARK [1][-]{section.5.60}{\376\377\0005\000.\0006\0000\000\040\000S\000a\000l\000a\000d\000B\000u\000i\000l\000d\000e\000r\000.\000h\000\040\000F\000i\000l\000e\000\040\000R\000e\000f\000e\000r\000e\000n\000c\000e}{chapter.5}% 327
\BOOKMARK [2][-]{subsection.5.60.1}{\376\377\0005\000.\0006\0000\000.\0001\000\040\000D\000e\000t\000a\000i\000l\000e\000d\000\040\000D\000e\000s\000c\000r\000i\000p\000t\000i\000o\000n}{section.5.60}% 328
\BOOKMARK [1][-]{section.5.61}{\376\377\0005\000.\0006\0001\000\040\000S\000a\000t\000i\000s\000f\000i\000e\000d\000.\000c\000p\000p\000\040\000F\000i\000l\000e\000\040\000R\000e\000f\000e\000r\000e\000n\000c\000e}{chapter.5}% 329
\BOOKMARK [2][-]{subsection.5.61.1}{\376\377\0005\000.\0006\0001\000.\0001\000\040\000D\000e\000t\000a\000i\000l\000e\000d\000\040\000D\000e\000s\000c\000r\000i\000p\000t\000i\000o\000n}{section.5.61}% 330
\BOOKMARK [1][-]{section.5.62}{\376\377\0005\000.\0006\0002\000\040\000S\000a\000t\000i\000s\000f\000i\000e\000d\000.\000h\000\040\000F\000i\000l\000e\000\040\000R\000e\000f\000e\000r\000e\000n\000c\000e}{chapter.5}% 331
\BOOKMARK [2][-]{subsection.5.62.1}{\376\377\0005\000.\0006\0002\000.\0001\000\040\000D\000e\000t\000a\000i\000l\000e\000d\000\040\000D\000e\000s\000c\000r\000i\000p\000t\000i\000o\000n}{section.5.62}% 332
\BOOKMARK [1][-]{section.5.63}{\376\377\0005\000.\0006\0003\000\040\000S\000i\000d\000e\000.\000c\000p\000p\000\040\000F\000i\000l\000e\000\040\000R\000e\000f\000e\000r\000e\000n\000c\000e}{chapter.5}% 333
\BOOKMARK [2][-]{subsection.5.63.1}{\376\377\0005\000.\0006\0003\000.\0001\000\040\000D\000e\000t\000a\000i\000l\000e\000d\000\040\000D\000e\000s\000c\000r\000i\000p\000t\000i\000o\000n}{section.5.63}% 334
\BOOKMARK [1][-]{section.5.64}{\376\377\0005\000.\0006\0004\000\040\000S\000i\000d\000e\000.\000h\000\040\000F\000i\000l\000e\000\040\000R\000e\000f\000e\000r\000e\000n\000c\000e}{chapter.5}% 335
\BOOKMARK [2][-]{subsection.5.64.1}{\376\377\0005\000.\0006\0004\000.\0001\000\040\000D\000e\000t\000a\000i\000l\000e\000d\000\040\000D\000e\000s\000c\000r\000i\000p\000t\000i\000o\000n}{section.5.64}% 336
\BOOKMARK [1][-]{section.5.65}{\376\377\0005\000.\0006\0005\000\040\000S\000i\000d\000e\000B\000u\000i\000l\000d\000e\000r\000.\000c\000p\000p\000\040\000F\000i\000l\000e\000\040\000R\000e\000f\000e\000r\000e\000n\000c\000e}{chapter.5}% 337
\BOOKMARK [2][-]{subsection.5.65.1}{\376\377\0005\000.\0006\0005\000.\0001\000\040\000D\000e\000t\000a\000i\000l\000e\000d\000\040\000D\000e\000s\000c\000r\000i\000p\000t\000i\000o\000n}{section.5.65}% 338
\BOOKMARK [1][-]{section.5.66}{\376\377\0005\000.\0006\0006\000\040\000S\000i\000d\000e\000B\000u\000i\000l\000d\000e\000r\000.\000h\000\040\000F\000i\000l\000e\000\040\000R\000e\000f\000e\000r\000e\000n\000c\000e}{chapter.5}% 339
\BOOKMARK [2][-]{subsection.5.66.1}{\376\377\0005\000.\0006\0006\000.\0001\000\040\000D\000e\000t\000a\000i\000l\000e\000d\000\040\000D\000e\000s\000c\000r\000i\000p\000t\000i\000o\000n}{section.5.66}% 340
\BOOKMARK [1][-]{section.5.67}{\376\377\0005\000.\0006\0007\000\040\000S\000i\000d\000e\000C\000h\000e\000f\000.\000c\000p\000p\000\040\000F\000i\000l\000e\000\040\000R\000e\000f\000e\000r\000e\000n\000c\000e}{chapter.5}% 341
\BOOKMARK [2][-]{subsection.5.67.1}{\376\377\0005\000.\0006\0007\000.\0001\000\040\000D\000e\000t\000a\000i\000l\000e\000d\000\040\000D\000e\000s\000c\000r\000i\000p\000t\000i\000o\000n}{section.5.67}% 342
\BOOKMARK [1][-]{section.5.68}{\376\377\0005\000.\0006\0008\000\040\000S\000i\000d\000e\000C\000h\000e\000f\000.\000h\000\040\000F\000i\000l\000e\000\040\000R\000e\000f\000e\000r\000e\000n\000c\000e}{chapter.5}% 343
\BOOKMARK [2][-]{subsection.5.68.1}{\376\377\0005\000.\0006\0008\000.\0001\000\040\000D\000e\000t\000a\000i\000l\000e\000d\000\040\000D\000e\000s\000c\000r\000i\000p\000t\000i\000o\000n}{section.5.68}% 344
\BOOKMARK [1][-]{section.5.69}{\376\377\0005\000.\0006\0009\000\040\000S\000o\000d\000a\000.\000c\000p\000p\000\040\000F\000i\000l\000e\000\040\000R\000e\000f\000e\000r\000e\000n\000c\000e}{chapter.5}% 345
\BOOKMARK [2][-]{subsection.5.69.1}{\376\377\0005\000.\0006\0009\000.\0001\000\040\000D\000e\000t\000a\000i\000l\000e\000d\000\040\000D\000e\000s\000c\000r\000i\000p\000t\000i\000o\000n}{section.5.69}% 346
\BOOKMARK [1][-]{section.5.70}{\376\377\0005\000.\0007\0000\000\040\000S\000o\000d\000a\000.\000h\000\040\000F\000i\000l\000e\000\040\000R\000e\000f\000e\000r\000e\000n\000c\000e}{chapter.5}% 347
\BOOKMARK [2][-]{subsection.5.70.1}{\376\377\0005\000.\0007\0000\000.\0001\000\040\000D\000e\000t\000a\000i\000l\000e\000d\000\040\000D\000e\000s\000c\000r\000i\000p\000t\000i\000o\000n}{section.5.70}% 348
\BOOKMARK [1][-]{section.5.71}{\376\377\0005\000.\0007\0001\000\040\000S\000o\000d\000a\000B\000u\000i\000l\000d\000e\000r\000.\000c\000p\000p\000\040\000F\000i\000l\000e\000\040\000R\000e\000f\000e\000r\000e\000n\000c\000e}{chapter.5}% 349
\BOOKMARK [2][-]{subsection.5.71.1}{\376\377\0005\000.\0007\0001\000.\0001\000\040\000D\000e\000t\000a\000i\000l\000e\000d\000\040\000D\000e\000s\000c\000r\000i\000p\000t\000i\000o\000n}{section.5.71}% 350
\BOOKMARK [1][-]{section.5.72}{\376\377\0005\000.\0007\0002\000\040\000S\000o\000d\000a\000B\000u\000i\000l\000d\000e\000r\000.\000h\000\040\000F\000i\000l\000e\000\040\000R\000e\000f\000e\000r\000e\000n\000c\000e}{chapter.5}% 351
\BOOKMARK [2][-]{subsection.5.72.1}{\376\377\0005\000.\0007\0002\000.\0001\000\040\000D\000e\000t\000a\000i\000l\000e\000d\000\040\000D\000e\000s\000c\000r\000i\000p\000t\000i\000o\000n}{section.5.72}% 352
\BOOKMARK [1][-]{section.5.73}{\376\377\0005\000.\0007\0003\000\040\000S\000t\000e\000a\000k\000.\000c\000p\000p\000\040\000F\000i\000l\000e\000\040\000R\000e\000f\000e\000r\000e\000n\000c\000e}{chapter.5}% 353
\BOOKMARK [2][-]{subsection.5.73.1}{\376\377\0005\000.\0007\0003\000.\0001\000\040\000D\000e\000t\000a\000i\000l\000e\000d\000\040\000D\000e\000s\000c\000r\000i\000p\000t\000i\000o\000n}{section.5.73}% 354
\BOOKMARK [1][-]{section.5.74}{\376\377\0005\000.\0007\0004\000\040\000S\000t\000e\000a\000k\000.\000h\000\040\000F\000i\000l\000e\000\040\000R\000e\000f\000e\000r\000e\000n\000c\000e}{chapter.5}% 355
\BOOKMARK [2][-]{subsection.5.74.1}{\376\377\0005\000.\0007\0004\000.\0001\000\040\000D\000e\000t\000a\000i\000l\000e\000d\000\040\000D\000e\000s\000c\000r\000i\000p\000t\000i\000o\000n}{section.5.74}% 356
\BOOKMARK [1][-]{section.5.75}{\376\377\0005\000.\0007\0005\000\040\000S\000t\000e\000a\000k\000B\000u\000i\000l\000d\000e\000r\000.\000c\000p\000p\000\040\000F\000i\000l\000e\000\040\000R\000e\000f\000e\000r\000e\000n\000c\000e}{chapter.5}% 357
\BOOKMARK [2][-]{subsection.5.75.1}{\376\377\0005\000.\0007\0005\000.\0001\000\040\000D\000e\000t\000a\000i\000l\000e\000d\000\040\000D\000e\000s\000c\000r\000i\000p\000t\000i\000o\000n}{section.5.75}% 358
\BOOKMARK [1][-]{section.5.76}{\376\377\0005\000.\0007\0006\000\040\000S\000t\000e\000a\000k\000B\000u\000i\000l\000d\000e\000r\000.\000h\000\040\000F\000i\000l\000e\000\040\000R\000e\000f\000e\000r\000e\000n\000c\000e}{chapter.5}% 359
\BOOKMARK [2][-]{subsection.5.76.1}{\376\377\0005\000.\0007\0006\000.\0001\000\040\000D\000e\000t\000a\000i\000l\000e\000d\000\040\000D\000e\000s\000c\000r\000i\000p\000t\000i\000o\000n}{section.5.76}% 360
\BOOKMARK [1][-]{section.5.77}{\376\377\0005\000.\0007\0007\000\040\000T\000a\000b\000l\000e\000.\000c\000p\000p\000\040\000F\000i\000l\000e\000\040\000R\000e\000f\000e\000r\000e\000n\000c\000e}{chapter.5}% 361
\BOOKMARK [2][-]{subsection.5.77.1}{\376\377\0005\000.\0007\0007\000.\0001\000\040\000D\000e\000t\000a\000i\000l\000e\000d\000\040\000D\000e\000s\000c\000r\000i\000p\000t\000i\000o\000n}{section.5.77}% 362
\BOOKMARK [1][-]{section.5.78}{\376\377\0005\000.\0007\0008\000\040\000T\000a\000b\000l\000e\000.\000h\000\040\000F\000i\000l\000e\000\040\000R\000e\000f\000e\000r\000e\000n\000c\000e}{chapter.5}% 363
\BOOKMARK [2][-]{subsection.5.78.1}{\376\377\0005\000.\0007\0008\000.\0001\000\040\000D\000e\000t\000a\000i\000l\000e\000d\000\040\000D\000e\000s\000c\000r\000i\000p\000t\000i\000o\000n}{section.5.78}% 364
\BOOKMARK [1][-]{section.5.79}{\376\377\0005\000.\0007\0009\000\040\000U\000n\000h\000a\000p\000p\000y\000.\000c\000p\000p\000\040\000F\000i\000l\000e\000\040\000R\000e\000f\000e\000r\000e\000n\000c\000e}{chapter.5}% 365
\BOOKMARK [2][-]{subsection.5.79.1}{\376\377\0005\000.\0007\0009\000.\0001\000\040\000D\000e\000t\000a\000i\000l\000e\000d\000\040\000D\000e\000s\000c\000r\000i\000p\000t\000i\000o\000n}{section.5.79}% 366
\BOOKMARK [1][-]{section.5.80}{\376\377\0005\000.\0008\0000\000\040\000U\000n\000h\000a\000p\000p\000y\000.\000h\000\040\000F\000i\000l\000e\000\040\000R\000e\000f\000e\000r\000e\000n\000c\000e}{chapter.5}% 367
\BOOKMARK [2][-]{subsection.5.80.1}{\376\377\0005\000.\0008\0000\000.\0001\000\040\000D\000e\000t\000a\000i\000l\000e\000d\000\040\000D\000e\000s\000c\000r\000i\000p\000t\000i\000o\000n}{section.5.80}% 368
\BOOKMARK [1][-]{section.5.81}{\376\377\0005\000.\0008\0001\000\040\000W\000a\000i\000t\000e\000r\000.\000c\000p\000p\000\040\000F\000i\000l\000e\000\040\000R\000e\000f\000e\000r\000e\000n\000c\000e}{chapter.5}% 369
\BOOKMARK [2][-]{subsection.5.81.1}{\376\377\0005\000.\0008\0001\000.\0001\000\040\000D\000e\000t\000a\000i\000l\000e\000d\000\040\000D\000e\000s\000c\000r\000i\000p\000t\000i\000o\000n}{section.5.81}% 370
\BOOKMARK [1][-]{section.5.82}{\376\377\0005\000.\0008\0002\000\040\000W\000a\000i\000t\000e\000r\000.\000h\000\040\000F\000i\000l\000e\000\040\000R\000e\000f\000e\000r\000e\000n\000c\000e}{chapter.5}% 371
\BOOKMARK [2][-]{subsection.5.82.1}{\376\377\0005\000.\0008\0002\000.\0001\000\040\000D\000e\000t\000a\000i\000l\000e\000d\000\040\000D\000e\000s\000c\000r\000i\000p\000t\000i\000o\000n}{section.5.82}% 372
\BOOKMARK [1][-]{section.5.83}{\376\377\0005\000.\0008\0003\000\040\000W\000a\000t\000e\000r\000.\000c\000p\000p\000\040\000F\000i\000l\000e\000\040\000R\000e\000f\000e\000r\000e\000n\000c\000e}{chapter.5}% 373
\BOOKMARK [2][-]{subsection.5.83.1}{\376\377\0005\000.\0008\0003\000.\0001\000\040\000D\000e\000t\000a\000i\000l\000e\000d\000\040\000D\000e\000s\000c\000r\000i\000p\000t\000i\000o\000n}{section.5.83}% 374
\BOOKMARK [1][-]{section.5.84}{\376\377\0005\000.\0008\0004\000\040\000W\000a\000t\000e\000r\000.\000h\000\040\000F\000i\000l\000e\000\040\000R\000e\000f\000e\000r\000e\000n\000c\000e}{chapter.5}% 375
\BOOKMARK [2][-]{subsection.5.84.1}{\376\377\0005\000.\0008\0004\000.\0001\000\040\000D\000e\000t\000a\000i\000l\000e\000d\000\040\000D\000e\000s\000c\000r\000i\000p\000t\000i\000o\000n}{section.5.84}% 376
\BOOKMARK [1][-]{section.5.85}{\376\377\0005\000.\0008\0005\000\040\000W\000a\000t\000e\000r\000B\000u\000i\000l\000d\000e\000r\000.\000c\000p\000p\000\040\000F\000i\000l\000e\000\040\000R\000e\000f\000e\000r\000e\000n\000c\000e}{chapter.5}% 377
\BOOKMARK [2][-]{subsection.5.85.1}{\376\377\0005\000.\0008\0005\000.\0001\000\040\000D\000e\000t\000a\000i\000l\000e\000d\000\040\000D\000e\000s\000c\000r\000i\000p\000t\000i\000o\000n}{section.5.85}% 378
\BOOKMARK [1][-]{section.5.86}{\376\377\0005\000.\0008\0006\000\040\000W\000a\000t\000e\000r\000B\000u\000i\000l\000d\000e\000r\000.\000h\000\040\000F\000i\000l\000e\000\040\000R\000e\000f\000e\000r\000e\000n\000c\000e}{chapter.5}% 379
\BOOKMARK [2][-]{subsection.5.86.1}{\376\377\0005\000.\0008\0006\000.\0001\000\040\000D\000e\000t\000a\000i\000l\000e\000d\000\040\000D\000e\000s\000c\000r\000i\000p\000t\000i\000o\000n}{section.5.86}% 380
\BOOKMARK [0][-]{section*.326}{\376\377\000I\000n\000d\000e\000x}{}% 381
